2012-Feb-12 18:55:19.244487 [INFO]    System: Loading radio: UsrpToFile.xml
2012-Feb-12 18:55:19.244721 [INFO]    XmlParser: Parsed engine: pnengine1
2012-Feb-12 18:55:19.244753 [INFO]    XmlParser: Parsed component: usrpuhdrx1
2012-Feb-12 18:55:19.244803 [INFO]    XmlParser: Parsed component: filerawwriter1
2012-Feb-12 18:55:19.244844 [INFO]    XmlParser: Parsed link: usrpuhdrx1 . output1 -> filerawwriter1 . input1
2012-Feb-12 18:55:19.254833 [INFO]    usrpuhdrx1: Creating the usrp device with args: 
2012-Feb-12 18:55:20.109876 [INFO]    usrpuhdrx1: Using Device: Single USRP:
  Device: USRP2/N Series device
  Mboard 0: USRP2-REV3 mboard
  RX Channel: 0
    RX DSP: USRP2-REV3 ddc0
    RX Dboard: USRP2-REV3 dboard (rx unit)
    RX Subdev: XCVR2450 (0x0061)
  TX Channel: 0
    TX DSP: USRP2-REV3 duc0
    TX Dboard: USRP2-REV3 dboard (tx unit)
    TX Subdev: XCVR2450 (0x0060)

2012-Feb-12 18:55:20.113117 [INFO]    usrpuhdrx1: Setting RX Rate: 0.25Msps...
2012-Feb-12 18:55:20.115624 [INFO]    usrpuhdrx1: Actual RX Rate: 0.25Msps...
2012-Feb-12 18:55:20.115723 [INFO]    usrpuhdrx1: Setting RX Frequency: 5000MHz...
2012-Feb-12 18:55:20.130856 [INFO]    usrpuhdrx1: Actual RX Frequency: 5000MHz...
2012-Feb-12 18:55:20.131004 [INFO]    usrpuhdrx1: Setting device timestamp to 0...
2012-Feb-12 18:55:20.134208 [INFO]    usrpuhdrx1: Using RX Antenna: J1
2012-Feb-12 18:55:20.134790 [INFO]    usrpuhdrx1: Gain range: (0, 92.5, 2)

2012-Feb-12 18:55:20.134879 [INFO]    usrpuhdrx1: Setting Gain: 40
2012-Feb-12 18:55:20.138954 [INFO]    System: Starting radio
2012-Feb-12 18:55:22.500763 [INFO]    System: Stopping radio
2012-Feb-12 18:55:22.509720 [INFO]    pnengine1: Thread in Engine pnengine1 interrupted
2012-Feb-12 18:55:22.509946 [INFO]    System: Unloading radio
2012-Feb-12 18:55:22.572197 [INFO]    usrpuhdrx1: Average time taken per process() call = 00:00:00
2012-Feb-12 18:55:22.572467 [INFO]    filerawwriter1: Average time taken per process() call = 00:00:00.006706
2012-Feb-12 20:44:53.680710 [INFO]    System: Loading radio: VlcOfdmRx.xml
2012-Feb-12 20:44:53.697088 [INFO]    XmlParser: Parsed engine: pnengine1
2012-Feb-12 20:44:53.697162 [INFO]    XmlParser: Parsed component: usrpuhdrx1
2012-Feb-12 20:44:53.697264 [INFO]    XmlParser: Parsed component: simpleofdmdemod1
2012-Feb-12 20:44:53.697347 [INFO]    XmlParser: Parsed component: udptx1
2012-Feb-12 20:44:53.697452 [INFO]    XmlParser: Parsed link: usrpuhdrx1 . output1 -> simpleofdmdemod1 . input1
2012-Feb-12 20:44:53.697524 [INFO]    XmlParser: Parsed link: simpleofdmdemod1 . output1 -> udptx1 . input1
2012-Feb-12 20:44:53.748916 [INFO]    usrpuhdrx1: Creating the usrp device with args: 
2012-Feb-12 20:44:54.603629 [INFO]    usrpuhdrx1: Using Device: Single USRP:
  Device: USRP2/N Series device
  Mboard 0: USRP2-REV3 mboard
  RX Channel: 0
    RX DSP: USRP2-REV3 ddc0
    RX Dboard: USRP2-REV3 dboard (rx unit)
    RX Subdev: XCVR2450 (0x0061)
  TX Channel: 0
    TX DSP: USRP2-REV3 duc0
    TX Dboard: USRP2-REV3 dboard (tx unit)
    TX Subdev: XCVR2450 (0x0060)

2012-Feb-12 20:44:54.607052 [INFO]    usrpuhdrx1: Setting RX Rate: 1Msps...
2012-Feb-12 20:44:54.609811 [INFO]    usrpuhdrx1: Actual RX Rate: 1Msps...
2012-Feb-12 20:44:54.609958 [INFO]    usrpuhdrx1: Setting RX Frequency: 5000MHz...
2012-Feb-12 20:44:54.625322 [INFO]    usrpuhdrx1: Actual RX Frequency: 5000MHz...
2012-Feb-12 20:44:54.625472 [INFO]    usrpuhdrx1: Setting device timestamp to 0...
2012-Feb-12 20:44:54.628656 [INFO]    usrpuhdrx1: Using RX Antenna: J1
2012-Feb-12 20:44:54.629258 [INFO]    usrpuhdrx1: Gain range: (0, 92.5, 2)

2012-Feb-12 20:44:54.629350 [INFO]    usrpuhdrx1: Setting Gain: 40
2012-Feb-12 20:44:54.767718 [INFO]    System: Starting radio
2012-Feb-12 20:44:57.260805 [INFO]    System: Stopping radio
2012-Feb-12 20:44:57.263347 [INFO]    pnengine1: Thread in Engine pnengine1 interrupted
2012-Feb-12 20:44:57.263552 [INFO]    System: Unloading radio
2012-Feb-12 20:44:57.373471 [INFO]    usrpuhdrx1: Average time taken per process() call = 00:00:00.001394
2012-Feb-12 20:44:57.373879 [INFO]    simpleofdmdemod1: Average time taken per process() call = 00:00:00.002273
2012-Feb-12 20:44:57.374257 [ERROR]   udptx1: An error occurred closing socket: Transport endpoint is not connected
2012-Feb-12 20:45:07.722129 [INFO]    System: Loading radio: VlcOfdmTx.xml
2012-Feb-12 20:45:07.740791 [INFO]    XmlParser: Parsed engine: pnengine1
2012-Feb-12 20:45:07.740862 [INFO]    XmlParser: Parsed component: udprx1
2012-Feb-12 20:45:07.740952 [INFO]    XmlParser: Parsed component: simpleofdmmod1
2012-Feb-12 20:45:07.741055 [INFO]    XmlParser: Parsed component: signalscaler1
2012-Feb-12 20:45:07.741139 [INFO]    XmlParser: Parsed component: usrpuhdtx1
2012-Feb-12 20:45:07.741257 [INFO]    XmlParser: Parsed link: udprx1 . output1 -> simpleofdmmod1 . input1
2012-Feb-12 20:45:07.741327 [INFO]    XmlParser: Parsed link: simpleofdmmod1 . output1 -> signalscaler1 . input1
2012-Feb-12 20:45:07.741397 [INFO]    XmlParser: Parsed link: signalscaler1 . output1 -> usrpuhdtx1 . input1
2012-Feb-12 20:45:07.881620 [INFO]    usrpuhdtx1: Creating the usrp device with args: 
2012-Feb-12 20:45:08.738126 [INFO]    usrpuhdtx1: Using Device: Single USRP:
  Device: USRP2/N Series device
  Mboard 0: USRP2-REV3 mboard
  RX Channel: 0
    RX DSP: USRP2-REV3 ddc0
    RX Dboard: USRP2-REV3 dboard (rx unit)
    RX Subdev: XCVR2450 (0x0061)
  TX Channel: 0
    TX DSP: USRP2-REV3 duc0
    TX Dboard: USRP2-REV3 dboard (tx unit)
    TX Subdev: XCVR2450 (0x0060)

2012-Feb-12 20:45:08.738257 [INFO]    usrpuhdtx1: Setting TX Rate: 2Msps...
2012-Feb-12 20:45:08.740875 [INFO]    usrpuhdtx1: Actual TX Rate: 2Msps...
2012-Feb-12 20:45:08.740982 [INFO]    usrpuhdtx1: Setting TX Frequency: 5000MHz...
2012-Feb-12 20:45:08.758000 [INFO]    usrpuhdtx1: Actual TX Frequency: 5000MHz
2012-Feb-12 20:45:08.758153 [INFO]    usrpuhdtx1: Setting device timestamp to 0...
2012-Feb-12 20:45:08.761399 [INFO]    usrpuhdtx1: Using TX Antenna: J2
2012-Feb-12 20:45:08.761967 [INFO]    usrpuhdtx1: Gain range: (0, 35, 0.5)

2012-Feb-12 20:45:08.762056 [INFO]    usrpuhdtx1: Setting Gain: 20
2012-Feb-12 20:45:08.767058 [INFO]    System: Starting radio
2012-Feb-12 20:45:10.991781 [INFO]    System: Stopping radio
2012-Feb-12 20:45:10.992140 [ERROR]   udprx1: Failed to close socket: Transport endpoint is not connected
2012-Feb-12 20:45:10.992747 [INFO]    pnengine1: Thread in Engine pnengine1 interrupted
2012-Feb-12 20:45:10.992937 [INFO]    System: Unloading radio
2012-Feb-12 20:45:10.993213 [INFO]    udprx1: Average time taken per process() call = 00:00:02.224478
2012-Feb-12 20:45:10.993409 [INFO]    simpleofdmmod1: Average time taken per process() call = 00:00:00.000135
2012-Feb-12 20:45:10.993584 [INFO]    signalscaler1: Average time taken per process() call = 00:00:00.000389
2012-Feb-12 20:45:11.049576 [INFO]    usrpuhdtx1: Average time taken per process() call = 00:00:00.000002
2012-Feb-12 20:45:37.417957 [INFO]    System: Loading radio: VlcOfdmTx.xml
2012-Feb-12 20:45:37.418744 [INFO]    XmlParser: Parsed engine: pnengine1
2012-Feb-12 20:45:37.418850 [INFO]    XmlParser: Parsed component: udprx1
2012-Feb-12 20:45:37.418986 [INFO]    XmlParser: Parsed component: simpleofdmmod1
2012-Feb-12 20:45:37.419138 [INFO]    XmlParser: Parsed component: signalscaler1
2012-Feb-12 20:45:37.419263 [INFO]    XmlParser: Parsed component: usrpuhdtx1
2012-Feb-12 20:45:37.419439 [INFO]    XmlParser: Parsed link: udprx1 . output1 -> simpleofdmmod1 . input1
2012-Feb-12 20:45:37.419543 [INFO]    XmlParser: Parsed link: simpleofdmmod1 . output1 -> signalscaler1 . input1
2012-Feb-12 20:45:37.419720 [INFO]    XmlParser: Parsed link: signalscaler1 . output1 -> usrpuhdtx1 . input1
2012-Feb-12 20:45:37.558417 [INFO]    usrpuhdtx1: Creating the usrp device with args: 
2012-Feb-12 20:45:38.426116 [INFO]    usrpuhdtx1: Using Device: Single USRP:
  Device: USRP2/N Series device
  Mboard 0: USRP2-REV3 mboard
  RX Channel: 0
    RX DSP: USRP2-REV3 ddc0
    RX Dboard: USRP2-REV3 dboard (rx unit)
    RX Subdev: XCVR2450 (0x0061)
  TX Channel: 0
    TX DSP: USRP2-REV3 duc0
    TX Dboard: USRP2-REV3 dboard (tx unit)
    TX Subdev: XCVR2450 (0x0060)

2012-Feb-12 20:45:38.426277 [INFO]    usrpuhdtx1: Setting TX Rate: 2Msps...
2012-Feb-12 20:45:38.428817 [INFO]    usrpuhdtx1: Actual TX Rate: 2Msps...
2012-Feb-12 20:45:38.428925 [INFO]    usrpuhdtx1: Setting TX Frequency: 5000MHz...
2012-Feb-12 20:45:38.446126 [INFO]    usrpuhdtx1: Actual TX Frequency: 5000MHz
2012-Feb-12 20:45:38.446280 [INFO]    usrpuhdtx1: Setting device timestamp to 0...
2012-Feb-12 20:45:38.449547 [INFO]    usrpuhdtx1: Using TX Antenna: J2
2012-Feb-12 20:45:38.450111 [INFO]    usrpuhdtx1: Gain range: (0, 35, 0.5)

2012-Feb-12 20:45:38.450197 [INFO]    usrpuhdtx1: Setting Gain: 20
2012-Feb-12 20:45:38.453897 [INFO]    System: Starting radio
2012-Feb-12 20:45:40.040851 [INFO]    System: Stopping radio
2012-Feb-12 20:45:40.041140 [ERROR]   udprx1: Failed to close socket: Transport endpoint is not connected
2012-Feb-12 20:45:40.041797 [INFO]    pnengine1: Thread in Engine pnengine1 interrupted
2012-Feb-12 20:45:40.041991 [INFO]    System: Unloading radio
2012-Feb-12 20:45:40.042259 [INFO]    udprx1: Average time taken per process() call = 00:00:01.586717
2012-Feb-12 20:45:40.042456 [INFO]    simpleofdmmod1: Average time taken per process() call = 00:00:00.000140
2012-Feb-12 20:45:40.042666 [INFO]    signalscaler1: Average time taken per process() call = 00:00:00.000380
2012-Feb-12 20:45:40.100719 [INFO]    usrpuhdtx1: Average time taken per process() call = 00:00:00.000002
2012-Feb-12 20:46:54.306095 [INFO]    System: Loading radio: VlcOfdmTx.xml
2012-Feb-12 20:46:54.306342 [INFO]    XmlParser: Parsed engine: pnengine1
2012-Feb-12 20:46:54.306371 [INFO]    XmlParser: Parsed component: udprx1
2012-Feb-12 20:46:54.306410 [INFO]    XmlParser: Parsed component: simpleofdmmod1
2012-Feb-12 20:46:54.306455 [INFO]    XmlParser: Parsed component: signalscaler1
2012-Feb-12 20:46:54.306492 [INFO]    XmlParser: Parsed component: usrpuhdtx1
2012-Feb-12 20:46:54.306544 [INFO]    XmlParser: Parsed link: udprx1 . output1 -> simpleofdmmod1 . input1
2012-Feb-12 20:46:54.306574 [INFO]    XmlParser: Parsed link: simpleofdmmod1 . output1 -> signalscaler1 . input1
2012-Feb-12 20:46:54.306605 [INFO]    XmlParser: Parsed link: signalscaler1 . output1 -> usrpuhdtx1 . input1
2012-Feb-12 20:46:54.444278 [INFO]    usrpuhdtx1: Creating the usrp device with args: 
2012-Feb-12 20:46:55.312055 [INFO]    usrpuhdtx1: Using Device: Single USRP:
  Device: USRP2/N Series device
  Mboard 0: USRP2-REV3 mboard
  RX Channel: 0
    RX DSP: USRP2-REV3 ddc0
    RX Dboard: USRP2-REV3 dboard (rx unit)
    RX Subdev: XCVR2450 (0x0061)
  TX Channel: 0
    TX DSP: USRP2-REV3 duc0
    TX Dboard: USRP2-REV3 dboard (tx unit)
    TX Subdev: XCVR2450 (0x0060)

2012-Feb-12 20:46:55.312190 [INFO]    usrpuhdtx1: Setting TX Rate: 2Msps...
2012-Feb-12 20:46:55.314967 [INFO]    usrpuhdtx1: Actual TX Rate: 2Msps...
2012-Feb-12 20:46:55.315108 [INFO]    usrpuhdtx1: Setting TX Frequency: 5000MHz...
2012-Feb-12 20:46:55.331825 [INFO]    usrpuhdtx1: Actual TX Frequency: 5000MHz
2012-Feb-12 20:46:55.331980 [INFO]    usrpuhdtx1: Setting device timestamp to 0...
2012-Feb-12 20:46:55.335296 [INFO]    usrpuhdtx1: Using TX Antenna: J2
2012-Feb-12 20:46:55.335927 [INFO]    usrpuhdtx1: Gain range: (0, 35, 0.5)

2012-Feb-12 20:46:55.336024 [INFO]    usrpuhdtx1: Setting Gain: 20
2012-Feb-12 20:46:55.339696 [INFO]    System: Starting radio
2012-Feb-12 20:46:56.575971 [INFO]    System: Stopping radio
2012-Feb-12 20:46:56.576270 [ERROR]   udprx1: Failed to close socket: Transport endpoint is not connected
2012-Feb-12 20:46:56.577165 [INFO]    pnengine1: Thread in Engine pnengine1 interrupted
2012-Feb-12 20:46:56.577356 [INFO]    System: Unloading radio
2012-Feb-12 20:46:56.577635 [INFO]    udprx1: Average time taken per process() call = 00:00:01.236303
2012-Feb-12 20:46:56.577835 [INFO]    simpleofdmmod1: Average time taken per process() call = 00:00:00.000110
2012-Feb-12 20:46:56.578042 [INFO]    signalscaler1: Average time taken per process() call = 00:00:00.000395
2012-Feb-12 20:46:56.633455 [INFO]    usrpuhdtx1: Average time taken per process() call = 00:00:00.000002
2012-Feb-12 20:47:26.393812 [INFO]    System: Loading radio: VlcOfdmTx.xml
2012-Feb-12 20:47:26.394066 [INFO]    XmlParser: Parsed engine: pnengine1
2012-Feb-12 20:47:26.394097 [INFO]    XmlParser: Parsed component: udprx1
2012-Feb-12 20:47:26.394140 [INFO]    XmlParser: Parsed component: simpleofdmmod1
2012-Feb-12 20:47:26.394187 [INFO]    XmlParser: Parsed component: signalscaler1
2012-Feb-12 20:47:26.394227 [INFO]    XmlParser: Parsed component: usrpuhdtx1
2012-Feb-12 20:47:26.394283 [INFO]    XmlParser: Parsed link: udprx1 . output1 -> simpleofdmmod1 . input1
2012-Feb-12 20:47:26.394317 [INFO]    XmlParser: Parsed link: simpleofdmmod1 . output1 -> signalscaler1 . input1
2012-Feb-12 20:47:26.394350 [INFO]    XmlParser: Parsed link: signalscaler1 . output1 -> usrpuhdtx1 . input1
2012-Feb-12 20:47:26.532777 [INFO]    usrpuhdtx1: Creating the usrp device with args: 
2012-Feb-12 20:47:27.401619 [INFO]    usrpuhdtx1: Using Device: Single USRP:
  Device: USRP2/N Series device
  Mboard 0: USRP2-REV3 mboard
  RX Channel: 0
    RX DSP: USRP2-REV3 ddc0
    RX Dboard: USRP2-REV3 dboard (rx unit)
    RX Subdev: XCVR2450 (0x0061)
  TX Channel: 0
    TX DSP: USRP2-REV3 duc0
    TX Dboard: USRP2-REV3 dboard (tx unit)
    TX Subdev: XCVR2450 (0x0060)

2012-Feb-12 20:47:27.401752 [INFO]    usrpuhdtx1: Setting TX Rate: 2Msps...
2012-Feb-12 20:47:27.404262 [INFO]    usrpuhdtx1: Actual TX Rate: 2Msps...
2012-Feb-12 20:47:27.404362 [INFO]    usrpuhdtx1: Setting TX Frequency: 5000MHz...
2012-Feb-12 20:47:27.421089 [INFO]    usrpuhdtx1: Actual TX Frequency: 5000MHz
2012-Feb-12 20:47:27.421242 [INFO]    usrpuhdtx1: Setting device timestamp to 0...
2012-Feb-12 20:47:27.424418 [INFO]    usrpuhdtx1: Using TX Antenna: J2
2012-Feb-12 20:47:27.425032 [INFO]    usrpuhdtx1: Gain range: (0, 35, 0.5)

2012-Feb-12 20:47:27.425123 [INFO]    usrpuhdtx1: Setting Gain: 20
2012-Feb-12 20:47:27.428805 [INFO]    System: Starting radio
2012-Feb-12 20:47:30.471820 [INFO]    System: Stopping radio
2012-Feb-12 20:47:30.472119 [ERROR]   udprx1: Failed to close socket: Transport endpoint is not connected
2012-Feb-12 20:47:30.472999 [INFO]    pnengine1: Thread in Engine pnengine1 interrupted
2012-Feb-12 20:47:30.473192 [INFO]    System: Unloading radio
2012-Feb-12 20:47:30.473470 [INFO]    udprx1: Average time taken per process() call = 00:00:03.042942
2012-Feb-12 20:47:30.473700 [INFO]    simpleofdmmod1: Average time taken per process() call = 00:00:00.000110
2012-Feb-12 20:47:30.473881 [INFO]    signalscaler1: Average time taken per process() call = 00:00:00.000411
2012-Feb-12 20:47:30.527447 [INFO]    usrpuhdtx1: Average time taken per process() call = 00:00:00.000002
2012-Feb-12 20:47:34.650057 [INFO]    System: Loading radio: VlcOfdmRx.xml
2012-Feb-12 20:47:34.650287 [INFO]    XmlParser: Parsed engine: pnengine1
2012-Feb-12 20:47:34.650320 [INFO]    XmlParser: Parsed component: usrpuhdrx1
2012-Feb-12 20:47:34.650368 [INFO]    XmlParser: Parsed component: simpleofdmdemod1
2012-Feb-12 20:47:34.650407 [INFO]    XmlParser: Parsed component: udptx1
2012-Feb-12 20:47:34.650457 [INFO]    XmlParser: Parsed link: usrpuhdrx1 . output1 -> simpleofdmdemod1 . input1
2012-Feb-12 20:47:34.650491 [INFO]    XmlParser: Parsed link: simpleofdmdemod1 . output1 -> udptx1 . input1
2012-Feb-12 20:47:34.661795 [INFO]    usrpuhdrx1: Creating the usrp device with args: 
2012-Feb-12 20:47:35.523144 [INFO]    usrpuhdrx1: Using Device: Single USRP:
  Device: USRP2/N Series device
  Mboard 0: USRP2-REV3 mboard
  RX Channel: 0
    RX DSP: USRP2-REV3 ddc0
    RX Dboard: USRP2-REV3 dboard (rx unit)
    RX Subdev: XCVR2450 (0x0061)
  TX Channel: 0
    TX DSP: USRP2-REV3 duc0
    TX Dboard: USRP2-REV3 dboard (tx unit)
    TX Subdev: XCVR2450 (0x0060)

2012-Feb-12 20:47:35.526448 [INFO]    usrpuhdrx1: Setting RX Rate: 1Msps...
2012-Feb-12 20:47:35.529029 [INFO]    usrpuhdrx1: Actual RX Rate: 1Msps...
2012-Feb-12 20:47:35.529129 [INFO]    usrpuhdrx1: Setting RX Frequency: 5000MHz...
2012-Feb-12 20:47:35.543975 [INFO]    usrpuhdrx1: Actual RX Frequency: 5000MHz...
2012-Feb-12 20:47:35.544121 [INFO]    usrpuhdrx1: Setting device timestamp to 0...
2012-Feb-12 20:47:35.547361 [INFO]    usrpuhdrx1: Using RX Antenna: J1
2012-Feb-12 20:47:35.547946 [INFO]    usrpuhdrx1: Gain range: (0, 92.5, 2)

2012-Feb-12 20:47:35.548040 [INFO]    usrpuhdrx1: Setting Gain: 40
2012-Feb-12 20:47:35.643700 [INFO]    System: Starting radio
2012-Feb-12 20:47:41.647768 [INFO]    System: Stopping radio
2012-Feb-12 20:47:41.650111 [INFO]    pnengine1: Thread in Engine pnengine1 interrupted
2012-Feb-12 20:47:41.650313 [INFO]    System: Unloading radio
2012-Feb-12 20:47:41.738803 [INFO]    usrpuhdrx1: Average time taken per process() call = 00:00:00.001630
2012-Feb-12 20:47:41.739220 [INFO]    simpleofdmdemod1: Average time taken per process() call = 00:00:00.002250
2012-Feb-12 20:47:41.739563 [ERROR]   udptx1: An error occurred closing socket: Transport endpoint is not connected
2012-Feb-12 22:02:08.939960 [INFO]    System: Loading radio: VlcOfdmRx.xml
2012-Feb-12 22:02:08.940714 [INFO]    XmlParser: Parsed engine: pnengine1
2012-Feb-12 22:02:08.940907 [INFO]    XmlParser: Parsed component: usrpuhdrx1
2012-Feb-12 22:02:08.941080 [INFO]    XmlParser: Parsed component: simpleofdmdemod1
2012-Feb-12 22:02:08.941117 [INFO]    XmlParser: Parsed component: udptx1
2012-Feb-12 22:02:08.941172 [INFO]    XmlParser: Parsed link: usrpuhdrx1 . output1 -> simpleofdmdemod1 . input1
2012-Feb-12 22:02:08.941210 [INFO]    XmlParser: Parsed link: simpleofdmdemod1 . output1 -> udptx1 . input1
2012-Feb-12 22:02:08.946969 [INFO]    usrpuhdrx1: Creating the usrp device with args: 
2012-Feb-12 22:02:09.376623 [FATAL]   System: Error loading radio: RuntimeError: 
Please update the firmware and FPGA images for your device.
See the application notes for USRP2/N-Series for instructions.
Expected FPGA compatibility number 7, but got 6:
The FPGA build is not compatible with the host code build.
2012-Feb-12 22:08:43.098610 [INFO]    System: Loading radio: VlcOfdmRx.xml
2012-Feb-12 22:08:43.099417 [INFO]    XmlParser: Parsed engine: pnengine1
2012-Feb-12 22:08:43.099572 [INFO]    XmlParser: Parsed component: usrpuhdrx1
2012-Feb-12 22:08:43.099790 [INFO]    XmlParser: Parsed component: simpleofdmdemod1
2012-Feb-12 22:08:43.099945 [INFO]    XmlParser: Parsed component: udptx1
2012-Feb-12 22:08:43.100196 [INFO]    XmlParser: Parsed link: usrpuhdrx1 . output1 -> simpleofdmdemod1 . input1
2012-Feb-12 22:08:43.100360 [INFO]    XmlParser: Parsed link: simpleofdmdemod1 . output1 -> udptx1 . input1
2012-Feb-12 22:08:43.110386 [INFO]    usrpuhdrx1: Creating the usrp device with args: 
2012-Feb-12 22:08:44.114105 [INFO]    usrpuhdrx1: Using Device: Single USRP:
  Device: USRP2 / N-Series Device
  Mboard 0: USRP2-REV3
  RX Channel: 0
    RX DSP: 0
    RX Dboard: A
    RX Subdev: XCVR2450 (0x0061)
  TX Channel: 0
    TX DSP: 0
    TX Dboard: A
    TX Subdev: XCVR2450 (0x0060)

2012-Feb-12 22:08:44.117288 [INFO]    usrpuhdrx1: Setting RX Rate: 1Msps...
2012-Feb-12 22:08:44.118665 [INFO]    usrpuhdrx1: Actual RX Rate: 1Msps...
2012-Feb-12 22:08:44.118814 [INFO]    usrpuhdrx1: Setting RX Frequency: 5000MHz...
2012-Feb-12 22:08:44.207048 [INFO]    usrpuhdrx1: Actual RX Frequency: 5000MHz...
2012-Feb-12 22:08:44.207203 [INFO]    usrpuhdrx1: Setting device timestamp to 0...
2012-Feb-12 22:08:44.210353 [INFO]    usrpuhdrx1: Using RX Antenna: J1
2012-Feb-12 22:08:44.210886 [INFO]    usrpuhdrx1: Gain range: (0, 92.5, 2)

2012-Feb-12 22:08:44.211017 [INFO]    usrpuhdrx1: Setting Gain: 40
2012-Feb-12 22:08:44.238753 [INFO]    System: Starting radio
2012-Feb-12 22:08:46.406903 [INFO]    System: Stopping radio
2012-Feb-12 22:08:46.410619 [INFO]    pnengine1: Thread in Engine pnengine1 interrupted
2012-Feb-12 22:08:46.410859 [INFO]    System: Unloading radio
2012-Feb-12 22:08:46.595399 [INFO]    usrpuhdrx1: Average time taken per process() call = 00:00:00.001992
2012-Feb-12 22:08:46.595725 [INFO]    simpleofdmdemod1: Average time taken per process() call = 00:00:00.002105
2012-Feb-12 22:08:46.595931 [ERROR]   udptx1: An error occurred closing socket: Transport endpoint is not connected
2012-Feb-12 22:09:34.112903 [INFO]    System: Loading radio: VlcOfdmRx.xml
2012-Feb-12 22:09:34.441144 [INFO]    XmlParser: Parsed engine: pnengine1
2012-Feb-12 22:09:34.441181 [INFO]    XmlParser: Parsed component: usrpuhdrx1
2012-Feb-12 22:09:34.441229 [INFO]    XmlParser: Parsed component: simpleofdmdemod1
2012-Feb-12 22:09:34.441261 [INFO]    XmlParser: Parsed component: udptx1
2012-Feb-12 22:09:34.441320 [INFO]    XmlParser: Parsed link: usrpuhdrx1 . output1 -> simpleofdmdemod1 . input1
2012-Feb-12 22:09:34.441355 [INFO]    XmlParser: Parsed link: simpleofdmdemod1 . output1 -> udptx1 . input1
2012-Feb-12 22:09:34.459084 [INFO]    usrpuhdrx1: Creating the usrp device with args: 
2012-Feb-12 22:09:35.447919 [INFO]    usrpuhdrx1: Using Device: Single USRP:
  Device: USRP2 / N-Series Device
  Mboard 0: USRP2-REV3
  RX Channel: 0
    RX DSP: 0
    RX Dboard: A
    RX Subdev: XCVR2450 (0x0061)
  TX Channel: 0
    TX DSP: 0
    TX Dboard: A
    TX Subdev: XCVR2450 (0x0060)

2012-Feb-12 22:09:35.451061 [INFO]    usrpuhdrx1: Setting RX Rate: 1Msps...
2012-Feb-12 22:09:35.452472 [INFO]    usrpuhdrx1: Actual RX Rate: 1Msps...
2012-Feb-12 22:09:35.452600 [INFO]    usrpuhdrx1: Setting RX Frequency: 5000MHz...
2012-Feb-12 22:09:35.540781 [INFO]    usrpuhdrx1: Actual RX Frequency: 5000MHz...
2012-Feb-12 22:09:35.540984 [INFO]    usrpuhdrx1: Setting device timestamp to 0...
2012-Feb-12 22:09:35.544080 [INFO]    usrpuhdrx1: Using RX Antenna: J1
2012-Feb-12 22:09:35.544603 [INFO]    usrpuhdrx1: Gain range: (0, 92.5, 2)

2012-Feb-12 22:09:35.544739 [INFO]    usrpuhdrx1: Setting Gain: 40
2012-Feb-12 22:09:35.574812 [INFO]    System: Starting radio
2012-Feb-12 22:14:33.712179 [DEBUG]   simpleofdmdemod1: CRC failed - error count = 1
2012-Feb-12 22:14:34.863136 [DEBUG]   simpleofdmdemod1: CRC failed - error count = 2
2012-Feb-12 22:14:34.888141 [DEBUG]   simpleofdmdemod1: CRC failed - error count = 3
2012-Feb-12 22:14:34.912255 [DEBUG]   simpleofdmdemod1: CRC failed - error count = 4
2012-Feb-12 22:14:34.949336 [DEBUG]   simpleofdmdemod1: CRC failed - error count = 5
2012-Feb-12 22:14:35.026956 [DEBUG]   simpleofdmdemod1: CRC failed - error count = 6
2012-Feb-12 22:14:35.108923 [DEBUG]   simpleofdmdemod1: CRC failed - error count = 7
2012-Feb-12 22:14:35.145698 [DEBUG]   simpleofdmdemod1: CRC failed - error count = 8
2012-Feb-12 22:14:35.182707 [DEBUG]   simpleofdmdemod1: CRC failed - error count = 9
2012-Feb-12 22:14:35.219435 [DEBUG]   simpleofdmdemod1: CRC failed - error count = 10
2012-Feb-12 22:14:35.297268 [DEBUG]   simpleofdmdemod1: CRC failed - error count = 11
2012-Feb-12 22:14:35.334193 [DEBUG]   simpleofdmdemod1: CRC failed - error count = 12
2012-Feb-12 22:14:35.411951 [DEBUG]   simpleofdmdemod1: CRC failed - error count = 13
2012-Feb-12 22:14:35.493942 [DEBUG]   simpleofdmdemod1: CRC failed - error count = 14
2012-Feb-12 22:14:35.624929 [DEBUG]   simpleofdmdemod1: CRC failed - error count = 15
2012-Feb-12 22:14:35.653516 [DEBUG]   simpleofdmdemod1: CRC failed - error count = 16
2012-Feb-12 22:14:35.768308 [DEBUG]   simpleofdmdemod1: CRC failed - error count = 17
2012-Feb-12 22:14:36.497448 [DEBUG]   simpleofdmdemod1: CRC failed - error count = 18
2012-Feb-12 22:14:36.530175 [DEBUG]   simpleofdmdemod1: CRC failed - error count = 19
2012-Feb-12 22:14:36.562864 [DEBUG]   simpleofdmdemod1: CRC failed - error count = 20
2012-Feb-12 22:14:36.595618 [DEBUG]   simpleofdmdemod1: CRC failed - error count = 21
2012-Feb-12 22:14:36.657098 [DEBUG]   simpleofdmdemod1: CRC failed - error count = 22
2012-Feb-12 22:14:36.690056 [DEBUG]   simpleofdmdemod1: CRC failed - error count = 23
2012-Feb-12 22:14:36.837390 [DEBUG]   simpleofdmdemod1: CRC failed - error count = 24
2012-Feb-12 22:14:36.861911 [DEBUG]   simpleofdmdemod1: CRC failed - error count = 25
2012-Feb-12 22:14:36.886478 [DEBUG]   simpleofdmdemod1: CRC failed - error count = 26
2012-Feb-12 22:14:36.911490 [DEBUG]   simpleofdmdemod1: CRC failed - error count = 27
2012-Feb-12 22:14:36.935659 [DEBUG]   simpleofdmdemod1: CRC failed - error count = 28
2012-Feb-12 22:14:36.960237 [DEBUG]   simpleofdmdemod1: CRC failed - error count = 29
2012-Feb-12 22:14:36.984780 [DEBUG]   simpleofdmdemod1: CRC failed - error count = 30
2012-Feb-12 22:14:37.005282 [DEBUG]   simpleofdmdemod1: CRC failed - error count = 31
2012-Feb-12 22:14:37.247032 [DEBUG]   simpleofdmdemod1: CRC failed - error count = 32
2012-Feb-12 22:14:37.271610 [DEBUG]   simpleofdmdemod1: CRC failed - error count = 33
2012-Feb-12 22:14:37.390263 [DEBUG]   simpleofdmdemod1: CRC failed - error count = 34
2012-Feb-12 22:14:37.414859 [DEBUG]   simpleofdmdemod1: CRC failed - error count = 35
2012-Feb-12 22:14:37.439535 [DEBUG]   simpleofdmdemod1: CRC failed - error count = 36
2012-Feb-12 22:14:37.545895 [DEBUG]   simpleofdmdemod1: CRC failed - error count = 37
2012-Feb-12 22:14:37.570495 [DEBUG]   simpleofdmdemod1: CRC failed - error count = 38
2012-Feb-12 22:14:37.599176 [DEBUG]   simpleofdmdemod1: CRC failed - error count = 39
2012-Feb-12 22:14:37.619629 [DEBUG]   simpleofdmdemod1: CRC failed - error count = 40
2012-Feb-12 22:14:37.648340 [DEBUG]   simpleofdmdemod1: CRC failed - error count = 41
2012-Feb-12 22:14:37.668812 [DEBUG]   simpleofdmdemod1: CRC failed - error count = 42
2012-Feb-12 22:14:37.689635 [DEBUG]   simpleofdmdemod1: CRC failed - error count = 43
2012-Feb-12 22:14:37.709782 [DEBUG]   simpleofdmdemod1: CRC failed - error count = 44
2012-Feb-12 22:14:37.730224 [DEBUG]   simpleofdmdemod1: CRC failed - error count = 45
2012-Feb-12 22:14:37.751224 [DEBUG]   simpleofdmdemod1: CRC failed - error count = 46
2012-Feb-12 22:14:37.791771 [DEBUG]   simpleofdmdemod1: CRC failed - error count = 47
2012-Feb-12 22:14:37.812690 [DEBUG]   simpleofdmdemod1: CRC failed - error count = 48
2012-Feb-12 22:14:37.832844 [DEBUG]   simpleofdmdemod1: CRC failed - error count = 49
2012-Feb-12 22:14:37.857214 [DEBUG]   simpleofdmdemod1: CRC failed - error count = 50
2012-Feb-12 22:14:37.882164 [DEBUG]   simpleofdmdemod1: CRC failed - error count = 51
2012-Feb-12 22:14:37.910496 [DEBUG]   simpleofdmdemod1: CRC failed - error count = 52
2012-Feb-12 22:14:37.935037 [DEBUG]   simpleofdmdemod1: CRC failed - error count = 53
2012-Feb-12 22:14:37.963727 [DEBUG]   simpleofdmdemod1: CRC failed - error count = 54
2012-Feb-12 22:14:38.012863 [DEBUG]   simpleofdmdemod1: CRC failed - error count = 55
2012-Feb-12 22:14:43.763961 [DEBUG]   simpleofdmdemod1: CRC failed - error count = 56
2012-Feb-12 22:14:44.075315 [DEBUG]   simpleofdmdemod1: CRC failed - error count = 57
2012-Feb-12 22:14:44.112126 [DEBUG]   simpleofdmdemod1: CRC failed - error count = 58
2012-Feb-12 22:14:44.144475 [DEBUG]   simpleofdmdemod1: CRC failed - error count = 59
2012-Feb-12 22:14:44.181764 [DEBUG]   simpleofdmdemod1: CRC failed - error count = 60
2012-Feb-12 22:14:44.213365 [DEBUG]   simpleofdmdemod1: CRC failed - error count = 61
2012-Feb-12 22:14:44.251048 [DEBUG]   simpleofdmdemod1: CRC failed - error count = 62
2012-Feb-12 22:14:44.289037 [DEBUG]   simpleofdmdemod1: CRC failed - error count = 63
2012-Feb-12 22:14:44.316501 [DEBUG]   simpleofdmdemod1: CRC failed - error count = 64
2012-Feb-12 22:14:44.341118 [DEBUG]   simpleofdmdemod1: CRC failed - error count = 65
2012-Feb-12 22:14:44.365611 [DEBUG]   simpleofdmdemod1: CRC failed - error count = 66
2012-Feb-12 22:14:44.390601 [DEBUG]   simpleofdmdemod1: CRC failed - error count = 67
2012-Feb-12 22:14:44.411180 [DEBUG]   simpleofdmdemod1: CRC failed - error count = 68
2012-Feb-12 22:14:44.435656 [DEBUG]   simpleofdmdemod1: CRC failed - error count = 69
2012-Feb-12 22:14:44.464322 [DEBUG]   simpleofdmdemod1: CRC failed - error count = 70
2012-Feb-12 22:14:44.488910 [DEBUG]   simpleofdmdemod1: CRC failed - error count = 71
2012-Feb-12 22:14:44.509020 [DEBUG]   simpleofdmdemod1: CRC failed - error count = 72
2012-Feb-12 22:14:44.579031 [DEBUG]   simpleofdmdemod1: CRC failed - error count = 73
2012-Feb-12 22:14:44.648679 [DEBUG]   simpleofdmdemod1: CRC failed - error count = 74
2012-Feb-12 22:14:44.717916 [DEBUG]   simpleofdmdemod1: CRC failed - error count = 75
2012-Feb-12 22:14:44.730633 [DEBUG]   simpleofdmdemod1: CRC failed - error count = 76
2012-Feb-12 22:14:44.738872 [DEBUG]   simpleofdmdemod1: CRC failed - error count = 77
2012-Feb-12 22:14:44.747106 [DEBUG]   simpleofdmdemod1: CRC failed - error count = 78
2012-Feb-12 22:14:44.788162 [DEBUG]   simpleofdmdemod1: CRC failed - error count = 79
2012-Feb-12 22:14:44.795762 [DEBUG]   simpleofdmdemod1: CRC failed - error count = 80
2012-Feb-12 22:14:44.808476 [DEBUG]   simpleofdmdemod1: CRC failed - error count = 81
2012-Feb-12 22:14:44.824362 [DEBUG]   simpleofdmdemod1: CRC failed - error count = 82
2012-Feb-12 22:14:44.845290 [DEBUG]   simpleofdmdemod1: CRC failed - error count = 83
2012-Feb-12 22:14:44.857559 [DEBUG]   simpleofdmdemod1: CRC failed - error count = 84
2012-Feb-12 22:14:44.878138 [DEBUG]   simpleofdmdemod1: CRC failed - error count = 85
2012-Feb-12 22:14:44.886265 [DEBUG]   simpleofdmdemod1: CRC failed - error count = 86
2012-Feb-12 22:14:44.906678 [DEBUG]   simpleofdmdemod1: CRC failed - error count = 87
2012-Feb-12 22:14:44.926718 [DEBUG]   simpleofdmdemod1: CRC failed - error count = 88
2012-Feb-12 22:14:44.951345 [DEBUG]   simpleofdmdemod1: CRC failed - error count = 89
2012-Feb-12 22:14:44.984495 [DEBUG]   simpleofdmdemod1: CRC failed - error count = 90
2012-Feb-12 22:14:45.016849 [DEBUG]   simpleofdmdemod1: CRC failed - error count = 91
2012-Feb-12 22:14:45.467836 [DEBUG]   simpleofdmdemod1: CRC failed - error count = 92
2012-Feb-12 22:14:47.249677 [DEBUG]   simpleofdmdemod1: CRC failed - error count = 93
2012-Feb-12 22:14:47.291040 [DEBUG]   simpleofdmdemod1: CRC failed - error count = 94
2012-Feb-12 22:14:47.307297 [DEBUG]   simpleofdmdemod1: CRC failed - error count = 95
2012-Feb-12 22:14:47.327414 [DEBUG]   simpleofdmdemod1: CRC failed - error count = 96
2012-Feb-12 22:14:47.347616 [DEBUG]   simpleofdmdemod1: CRC failed - error count = 97
2012-Feb-12 22:14:47.368403 [DEBUG]   simpleofdmdemod1: CRC failed - error count = 98
2012-Feb-12 22:14:47.384985 [DEBUG]   simpleofdmdemod1: CRC failed - error count = 99
2012-Feb-12 22:14:47.405331 [DEBUG]   simpleofdmdemod1: CRC failed - error count = 100
2012-Feb-12 22:14:47.425314 [DEBUG]   simpleofdmdemod1: CRC failed - error count = 101
2012-Feb-12 22:14:47.458537 [DEBUG]   simpleofdmdemod1: CRC failed - error count = 102
2012-Feb-12 22:14:47.495440 [DEBUG]   simpleofdmdemod1: CRC failed - error count = 103
2012-Feb-12 22:14:47.536305 [DEBUG]   simpleofdmdemod1: CRC failed - error count = 104
2012-Feb-12 22:14:47.733130 [DEBUG]   simpleofdmdemod1: CRC failed - error count = 105
2012-Feb-12 22:14:47.789930 [DEBUG]   simpleofdmdemod1: CRC failed - error count = 106
2012-Feb-12 22:14:47.819503 [DEBUG]   simpleofdmdemod1: CRC failed - error count = 107
2012-Feb-12 22:14:47.847583 [DEBUG]   simpleofdmdemod1: CRC failed - error count = 108
2012-Feb-12 22:14:47.970464 [DEBUG]   simpleofdmdemod1: CRC failed - error count = 109
2012-Feb-12 22:14:47.998847 [DEBUG]   simpleofdmdemod1: CRC failed - error count = 110
2012-Feb-12 22:14:48.031896 [DEBUG]   simpleofdmdemod1: CRC failed - error count = 111
2012-Feb-12 22:14:48.060547 [DEBUG]   simpleofdmdemod1: CRC failed - error count = 112
2012-Feb-12 22:14:48.093397 [DEBUG]   simpleofdmdemod1: CRC failed - error count = 113
2012-Feb-12 22:14:48.130171 [DEBUG]   simpleofdmdemod1: CRC failed - error count = 114
2012-Feb-12 22:14:48.163380 [DEBUG]   simpleofdmdemod1: CRC failed - error count = 115
2012-Feb-12 22:14:48.195687 [DEBUG]   simpleofdmdemod1: CRC failed - error count = 116
2012-Feb-12 22:14:48.228549 [DEBUG]   simpleofdmdemod1: CRC failed - error count = 117
2012-Feb-12 22:14:48.261716 [DEBUG]   simpleofdmdemod1: CRC failed - error count = 118
2012-Feb-12 22:14:48.285838 [DEBUG]   simpleofdmdemod1: CRC failed - error count = 119
2012-Feb-12 22:14:48.314551 [DEBUG]   simpleofdmdemod1: CRC failed - error count = 120
2012-Feb-12 22:14:48.363657 [DEBUG]   simpleofdmdemod1: CRC failed - error count = 121
2012-Feb-12 22:14:48.392281 [DEBUG]   simpleofdmdemod1: CRC failed - error count = 122
2012-Feb-12 22:14:48.416890 [DEBUG]   simpleofdmdemod1: CRC failed - error count = 123
2012-Feb-12 22:14:48.445605 [DEBUG]   simpleofdmdemod1: CRC failed - error count = 124
2012-Feb-12 22:14:48.470254 [DEBUG]   simpleofdmdemod1: CRC failed - error count = 125
2012-Feb-12 22:14:48.502863 [DEBUG]   simpleofdmdemod1: CRC failed - error count = 126
2012-Feb-12 22:14:48.531206 [DEBUG]   simpleofdmdemod1: CRC failed - error count = 127
2012-Feb-12 22:14:48.564318 [DEBUG]   simpleofdmdemod1: CRC failed - error count = 128
2012-Feb-12 22:14:48.596681 [DEBUG]   simpleofdmdemod1: CRC failed - error count = 129
2012-Feb-12 22:14:48.629923 [DEBUG]   simpleofdmdemod1: CRC failed - error count = 130
2012-Feb-12 22:14:48.658572 [DEBUG]   simpleofdmdemod1: CRC failed - error count = 131
2012-Feb-12 22:14:48.691285 [DEBUG]   simpleofdmdemod1: CRC failed - error count = 132
2012-Feb-12 22:14:48.720006 [DEBUG]   simpleofdmdemod1: CRC failed - error count = 133
2012-Feb-12 22:14:48.752727 [DEBUG]   simpleofdmdemod1: CRC failed - error count = 134
2012-Feb-12 22:14:48.781434 [DEBUG]   simpleofdmdemod1: CRC failed - error count = 135
2012-Feb-12 22:14:48.810243 [DEBUG]   simpleofdmdemod1: CRC failed - error count = 136
2012-Feb-12 22:14:48.842904 [DEBUG]   simpleofdmdemod1: CRC failed - error count = 137
2012-Feb-12 22:14:48.871644 [DEBUG]   simpleofdmdemod1: CRC failed - error count = 138
2012-Feb-12 22:14:48.908432 [DEBUG]   simpleofdmdemod1: CRC failed - error count = 139
2012-Feb-12 22:14:48.945318 [DEBUG]   simpleofdmdemod1: CRC failed - error count = 140
2012-Feb-12 22:14:48.986201 [DEBUG]   simpleofdmdemod1: CRC failed - error count = 141
2012-Feb-12 22:14:49.023207 [DEBUG]   simpleofdmdemod1: CRC failed - error count = 142
2012-Feb-12 22:14:49.060077 [DEBUG]   simpleofdmdemod1: CRC failed - error count = 143
2012-Feb-12 22:14:49.100912 [DEBUG]   simpleofdmdemod1: CRC failed - error count = 144
2012-Feb-12 22:14:49.133751 [DEBUG]   simpleofdmdemod1: CRC failed - error count = 145
2012-Feb-12 22:14:49.170576 [DEBUG]   simpleofdmdemod1: CRC failed - error count = 146
2012-Feb-12 22:14:49.305934 [DEBUG]   simpleofdmdemod1: CRC failed - error count = 147
2012-Feb-12 22:14:49.334576 [DEBUG]   simpleofdmdemod1: CRC failed - error count = 148
2012-Feb-12 22:14:49.363166 [DEBUG]   simpleofdmdemod1: CRC failed - error count = 149
2012-Feb-12 22:14:49.391839 [DEBUG]   simpleofdmdemod1: CRC failed - error count = 150
2012-Feb-12 22:14:49.449184 [DEBUG]   simpleofdmdemod1: CRC failed - error count = 151
2012-Feb-12 22:14:49.477814 [DEBUG]   simpleofdmdemod1: CRC failed - error count = 152
2012-Feb-12 22:14:49.502401 [DEBUG]   simpleofdmdemod1: CRC failed - error count = 153
2012-Feb-12 22:14:49.559356 [DEBUG]   simpleofdmdemod1: CRC failed - error count = 154
2012-Feb-12 22:14:49.617027 [DEBUG]   simpleofdmdemod1: CRC failed - error count = 155
2012-Feb-12 22:14:49.670292 [DEBUG]   simpleofdmdemod1: CRC failed - error count = 156
2012-Feb-12 22:14:49.723632 [DEBUG]   simpleofdmdemod1: CRC failed - error count = 157
2012-Feb-12 22:14:49.850495 [DEBUG]   simpleofdmdemod1: CRC failed - error count = 158
2012-Feb-12 22:14:49.883192 [DEBUG]   simpleofdmdemod1: CRC failed - error count = 159
2012-Feb-12 22:14:49.915960 [DEBUG]   simpleofdmdemod1: CRC failed - error count = 160
2012-Feb-12 22:14:49.961048 [DEBUG]   simpleofdmdemod1: CRC failed - error count = 161
2012-Feb-12 22:14:50.071612 [DEBUG]   simpleofdmdemod1: CRC failed - error count = 162
2012-Feb-12 22:14:50.182243 [DEBUG]   simpleofdmdemod1: CRC failed - error count = 163
2012-Feb-12 22:14:50.211444 [DEBUG]   simpleofdmdemod1: CRC failed - error count = 164
2012-Feb-12 22:14:50.235178 [DEBUG]   simpleofdmdemod1: CRC failed - error count = 165
2012-Feb-12 22:14:50.595999 [DEBUG]   simpleofdmdemod1: CRC failed - error count = 166
2012-Feb-12 22:14:50.807666 [DEBUG]   simpleofdmdemod1: CRC failed - error count = 167
2012-Feb-12 22:14:50.919508 [DEBUG]   simpleofdmdemod1: CRC failed - error count = 168
2012-Feb-12 22:14:50.940124 [DEBUG]   simpleofdmdemod1: CRC failed - error count = 169
2012-Feb-12 22:14:50.964524 [DEBUG]   simpleofdmdemod1: CRC failed - error count = 170
2012-Feb-12 22:14:51.144819 [DEBUG]   simpleofdmdemod1: CRC failed - error count = 171
2012-Feb-12 22:14:51.182016 [DEBUG]   simpleofdmdemod1: CRC failed - error count = 172
2012-Feb-12 22:14:51.218898 [DEBUG]   simpleofdmdemod1: CRC failed - error count = 173
2012-Feb-12 22:14:51.251371 [DEBUG]   simpleofdmdemod1: CRC failed - error count = 174
2012-Feb-12 22:14:51.279959 [DEBUG]   simpleofdmdemod1: CRC failed - error count = 175
2012-Feb-12 22:14:51.312968 [DEBUG]   simpleofdmdemod1: CRC failed - error count = 176
2012-Feb-12 22:14:51.345563 [DEBUG]   simpleofdmdemod1: CRC failed - error count = 177
2012-Feb-12 22:14:51.378374 [DEBUG]   simpleofdmdemod1: CRC failed - error count = 178
2012-Feb-12 22:14:51.480613 [DEBUG]   simpleofdmdemod1: CRC failed - error count = 179
2012-Feb-12 22:14:51.648640 [DEBUG]   simpleofdmdemod1: CRC failed - error count = 180
2012-Feb-12 22:14:51.713023 [DEBUG]   simpleofdmdemod1: CRC failed - error count = 181
2012-Feb-12 22:14:51.853441 [DEBUG]   simpleofdmdemod1: CRC failed - error count = 182
2012-Feb-12 22:14:52.250904 [DEBUG]   simpleofdmdemod1: CRC failed - error count = 183
2012-Feb-12 22:14:52.279456 [DEBUG]   simpleofdmdemod1: CRC failed - error count = 184
2012-Feb-12 22:14:52.750472 [DEBUG]   simpleofdmdemod1: CRC failed - error count = 185
2012-Feb-12 22:15:00.844352 [INFO]    simpleofdmdemod1: Frame error rate = 0.185
2012-Feb-12 22:15:13.316448 [DEBUG]   simpleofdmdemod1: CRC failed - error count = 1
2012-Feb-12 22:15:13.541723 [DEBUG]   simpleofdmdemod1: CRC failed - error count = 2
2012-Feb-12 22:15:13.575197 [DEBUG]   simpleofdmdemod1: CRC failed - error count = 3
2012-Feb-12 22:15:13.611740 [DEBUG]   simpleofdmdemod1: CRC failed - error count = 4
2012-Feb-12 22:15:13.648195 [DEBUG]   simpleofdmdemod1: CRC failed - error count = 5
2012-Feb-12 22:15:13.680959 [DEBUG]   simpleofdmdemod1: CRC failed - error count = 6
2012-Feb-12 22:15:13.709647 [DEBUG]   simpleofdmdemod1: CRC failed - error count = 7
2012-Feb-12 22:15:13.738301 [DEBUG]   simpleofdmdemod1: CRC failed - error count = 8
2012-Feb-12 22:15:13.755864 [DEBUG]   simpleofdmdemod1: Error retrieving modulation depth from header - dropping frame.
2012-Feb-12 22:15:13.756337 [DEBUG]   simpleofdmdemod1: CRC failed - error count = 9
2012-Feb-12 22:15:13.792363 [DEBUG]   simpleofdmdemod1: CRC failed - error count = 10
2012-Feb-12 22:15:13.820846 [DEBUG]   simpleofdmdemod1: CRC failed - error count = 11
2012-Feb-12 22:15:13.844029 [DEBUG]   simpleofdmdemod1: CRC failed - error count = 12
2012-Feb-12 22:15:13.872716 [DEBUG]   simpleofdmdemod1: CRC failed - error count = 13
2012-Feb-12 22:15:13.906269 [DEBUG]   simpleofdmdemod1: CRC failed - error count = 14
2012-Feb-12 22:15:13.939132 [DEBUG]   simpleofdmdemod1: Error retrieving modulation depth from header - dropping frame.
2012-Feb-12 22:15:13.939746 [DEBUG]   simpleofdmdemod1: CRC failed - error count = 15
2012-Feb-12 22:15:13.974974 [DEBUG]   simpleofdmdemod1: Error retrieving modulation depth from header - dropping frame.
2012-Feb-12 22:15:13.975453 [DEBUG]   simpleofdmdemod1: CRC failed - error count = 16
2012-Feb-12 22:15:14.025053 [DEBUG]   simpleofdmdemod1: CRC failed - error count = 17
2012-Feb-12 22:15:14.061972 [DEBUG]   simpleofdmdemod1: CRC failed - error count = 18
2012-Feb-12 22:15:14.098737 [DEBUG]   simpleofdmdemod1: CRC failed - error count = 19
2012-Feb-12 22:15:14.132905 [DEBUG]   simpleofdmdemod1: Error retrieving modulation depth from header - dropping frame.
2012-Feb-12 22:15:14.133402 [DEBUG]   simpleofdmdemod1: CRC failed - error count = 20
2012-Feb-12 22:15:14.142920 [DEBUG]   simpleofdmdemod1: Error retrieving modulation depth from header - dropping frame.
2012-Feb-12 22:15:14.143430 [DEBUG]   simpleofdmdemod1: CRC failed - error count = 21
2012-Feb-12 22:15:14.180633 [DEBUG]   simpleofdmdemod1: CRC failed - error count = 22
2012-Feb-12 22:15:14.213112 [DEBUG]   simpleofdmdemod1: Error retrieving modulation depth from header - dropping frame.
2012-Feb-12 22:15:14.213603 [DEBUG]   simpleofdmdemod1: CRC failed - error count = 23
2012-Feb-12 22:15:14.262816 [DEBUG]   simpleofdmdemod1: CRC failed - error count = 24
2012-Feb-12 22:15:14.303615 [DEBUG]   simpleofdmdemod1: CRC failed - error count = 25
2012-Feb-12 22:15:14.332240 [DEBUG]   simpleofdmdemod1: CRC failed - error count = 26
2012-Feb-12 22:15:14.360927 [DEBUG]   simpleofdmdemod1: CRC failed - error count = 27
2012-Feb-12 22:15:14.389556 [DEBUG]   simpleofdmdemod1: CRC failed - error count = 28
2012-Feb-12 22:15:14.409636 [DEBUG]   simpleofdmdemod1: Error retrieving modulation depth from header - dropping frame.
2012-Feb-12 22:15:14.410219 [DEBUG]   simpleofdmdemod1: CRC failed - error count = 29
2012-Feb-12 22:15:14.447282 [DEBUG]   simpleofdmdemod1: CRC failed - error count = 30
2012-Feb-12 22:15:14.466668 [DEBUG]   simpleofdmdemod1: Error retrieving modulation depth from header - dropping frame.
2012-Feb-12 22:15:14.467142 [DEBUG]   simpleofdmdemod1: CRC failed - error count = 31
2012-Feb-12 22:15:14.495816 [DEBUG]   simpleofdmdemod1: Error retrieving modulation depth from header - dropping frame.
2012-Feb-12 22:15:14.496301 [DEBUG]   simpleofdmdemod1: CRC failed - error count = 32
2012-Feb-12 22:15:14.541058 [DEBUG]   simpleofdmdemod1: CRC failed - error count = 33
2012-Feb-12 22:15:14.582024 [DEBUG]   simpleofdmdemod1: CRC failed - error count = 34
2012-Feb-12 22:15:14.614071 [DEBUG]   simpleofdmdemod1: Error retrieving modulation depth from header - dropping frame.
2012-Feb-12 22:15:14.614556 [DEBUG]   simpleofdmdemod1: CRC failed - error count = 35
2012-Feb-12 22:15:14.659862 [DEBUG]   simpleofdmdemod1: CRC failed - error count = 36
2012-Feb-12 22:15:14.700796 [DEBUG]   simpleofdmdemod1: CRC failed - error count = 37
2012-Feb-12 22:15:14.733979 [DEBUG]   simpleofdmdemod1: CRC failed - error count = 38
2012-Feb-12 22:15:14.762506 [DEBUG]   simpleofdmdemod1: CRC failed - error count = 39
2012-Feb-12 22:15:14.786981 [DEBUG]   simpleofdmdemod1: CRC failed - error count = 40
2012-Feb-12 22:15:14.815604 [DEBUG]   simpleofdmdemod1: CRC failed - error count = 41
2012-Feb-12 22:15:14.835521 [DEBUG]   simpleofdmdemod1: Error retrieving modulation depth from header - dropping frame.
2012-Feb-12 22:15:14.836006 [DEBUG]   simpleofdmdemod1: CRC failed - error count = 42
2012-Feb-12 22:15:14.868745 [DEBUG]   simpleofdmdemod1: CRC failed - error count = 43
2012-Feb-12 22:15:14.897938 [DEBUG]   simpleofdmdemod1: CRC failed - error count = 44
2012-Feb-12 22:15:14.921998 [DEBUG]   simpleofdmdemod1: CRC failed - error count = 45
2012-Feb-12 22:15:14.967136 [DEBUG]   simpleofdmdemod1: CRC failed - error count = 46
2012-Feb-12 22:15:15.003035 [DEBUG]   simpleofdmdemod1: Error retrieving modulation depth from header - dropping frame.
2012-Feb-12 22:15:15.003515 [DEBUG]   simpleofdmdemod1: CRC failed - error count = 47
2012-Feb-12 22:15:15.053478 [DEBUG]   simpleofdmdemod1: CRC failed - error count = 48
2012-Feb-12 22:15:15.098606 [DEBUG]   simpleofdmdemod1: CRC failed - error count = 49
2012-Feb-12 22:15:15.139180 [DEBUG]   simpleofdmdemod1: CRC failed - error count = 50
2012-Feb-12 22:15:15.172233 [DEBUG]   simpleofdmdemod1: CRC failed - error count = 51
2012-Feb-12 22:15:15.200993 [DEBUG]   simpleofdmdemod1: CRC failed - error count = 52
2012-Feb-12 22:15:15.233323 [DEBUG]   simpleofdmdemod1: CRC failed - error count = 53
2012-Feb-12 22:15:15.262790 [DEBUG]   simpleofdmdemod1: CRC failed - error count = 54
2012-Feb-12 22:15:15.291167 [DEBUG]   simpleofdmdemod1: CRC failed - error count = 55
2012-Feb-12 22:15:15.323476 [DEBUG]   simpleofdmdemod1: CRC failed - error count = 56
2012-Feb-12 22:15:15.356569 [DEBUG]   simpleofdmdemod1: CRC failed - error count = 57
2012-Feb-12 22:15:15.397605 [DEBUG]   simpleofdmdemod1: CRC failed - error count = 58
2012-Feb-12 22:15:15.438217 [DEBUG]   simpleofdmdemod1: CRC failed - error count = 59
2012-Feb-12 22:15:17.539693 [DEBUG]   simpleofdmdemod1: CRC failed - error count = 60
2012-Feb-12 22:15:17.695335 [DEBUG]   simpleofdmdemod1: CRC failed - error count = 61
2012-Feb-12 22:15:17.719910 [DEBUG]   simpleofdmdemod1: CRC failed - error count = 62
2012-Feb-12 22:15:17.744078 [DEBUG]   simpleofdmdemod1: CRC failed - error count = 63
2012-Feb-12 22:15:17.765034 [DEBUG]   simpleofdmdemod1: CRC failed - error count = 64
2012-Feb-12 22:15:17.809694 [DEBUG]   simpleofdmdemod1: CRC failed - error count = 65
2012-Feb-12 22:15:17.957509 [DEBUG]   simpleofdmdemod1: CRC failed - error count = 66
2012-Feb-12 22:15:17.989931 [DEBUG]   simpleofdmdemod1: CRC failed - error count = 67
2012-Feb-12 22:15:18.526831 [DEBUG]   simpleofdmdemod1: CRC failed - error count = 68
2012-Feb-12 22:15:18.559630 [DEBUG]   simpleofdmdemod1: CRC failed - error count = 69
2012-Feb-12 22:15:18.587891 [DEBUG]   simpleofdmdemod1: CRC failed - error count = 70
2012-Feb-12 22:15:19.186329 [DEBUG]   simpleofdmdemod1: CRC failed - error count = 71
2012-Feb-12 22:15:19.223129 [DEBUG]   simpleofdmdemod1: CRC failed - error count = 72
2012-Feb-12 22:15:19.255920 [DEBUG]   simpleofdmdemod1: CRC failed - error count = 73
2012-Feb-12 22:15:19.292411 [DEBUG]   simpleofdmdemod1: CRC failed - error count = 74
2012-Feb-12 22:15:19.350166 [DEBUG]   simpleofdmdemod1: CRC failed - error count = 75
2012-Feb-12 22:15:19.407593 [DEBUG]   simpleofdmdemod1: CRC failed - error count = 76
2012-Feb-12 22:15:19.464777 [DEBUG]   simpleofdmdemod1: CRC failed - error count = 77
2012-Feb-12 22:15:19.690118 [DEBUG]   simpleofdmdemod1: CRC failed - error count = 78
2012-Feb-12 22:15:20.136492 [DEBUG]   simpleofdmdemod1: CRC failed - error count = 79
2012-Feb-12 22:15:20.169331 [DEBUG]   simpleofdmdemod1: CRC failed - error count = 80
2012-Feb-12 22:15:20.239041 [DEBUG]   simpleofdmdemod1: CRC failed - error count = 81
2012-Feb-12 22:15:20.341315 [DEBUG]   simpleofdmdemod1: CRC failed - error count = 82
2012-Feb-12 22:15:20.759181 [DEBUG]   simpleofdmdemod1: CRC failed - error count = 83
2012-Feb-12 22:15:21.324380 [DEBUG]   simpleofdmdemod1: CRC failed - error count = 84
2012-Feb-12 22:15:21.353101 [DEBUG]   simpleofdmdemod1: CRC failed - error count = 85
2012-Feb-12 22:15:21.414587 [DEBUG]   simpleofdmdemod1: CRC failed - error count = 86
2012-Feb-12 22:15:21.771320 [DEBUG]   simpleofdmdemod1: CRC failed - error count = 87
2012-Feb-12 22:15:21.807635 [DEBUG]   simpleofdmdemod1: CRC failed - error count = 88
2012-Feb-12 22:15:21.836317 [DEBUG]   simpleofdmdemod1: CRC failed - error count = 89
2012-Feb-12 22:15:21.865048 [DEBUG]   simpleofdmdemod1: CRC failed - error count = 90
2012-Feb-12 22:15:22.405674 [DEBUG]   simpleofdmdemod1: CRC failed - error count = 91
2012-Feb-12 22:15:22.434522 [DEBUG]   simpleofdmdemod1: CRC failed - error count = 92
2012-Feb-12 22:15:22.528559 [DEBUG]   simpleofdmdemod1: CRC failed - error count = 93
2012-Feb-12 22:15:22.557310 [DEBUG]   simpleofdmdemod1: CRC failed - error count = 94
2012-Feb-12 22:15:22.590070 [DEBUG]   simpleofdmdemod1: CRC failed - error count = 95
2012-Feb-12 22:15:22.619107 [DEBUG]   simpleofdmdemod1: CRC failed - error count = 96
2012-Feb-12 22:15:22.647348 [DEBUG]   simpleofdmdemod1: CRC failed - error count = 97
2012-Feb-12 22:15:22.680071 [DEBUG]   simpleofdmdemod1: CRC failed - error count = 98
2012-Feb-12 22:15:22.893118 [DEBUG]   simpleofdmdemod1: CRC failed - error count = 99
2012-Feb-12 22:15:22.921900 [DEBUG]   simpleofdmdemod1: CRC failed - error count = 100
2012-Feb-12 22:15:23.130681 [DEBUG]   simpleofdmdemod1: CRC failed - error count = 101
2012-Feb-12 22:15:23.171698 [DEBUG]   simpleofdmdemod1: CRC failed - error count = 102
2012-Feb-12 22:15:23.212560 [DEBUG]   simpleofdmdemod1: CRC failed - error count = 103
2012-Feb-12 22:15:23.249420 [DEBUG]   simpleofdmdemod1: CRC failed - error count = 104
2012-Feb-12 22:15:23.409189 [DEBUG]   simpleofdmdemod1: CRC failed - error count = 105
2012-Feb-12 22:15:23.438009 [DEBUG]   simpleofdmdemod1: CRC failed - error count = 106
2012-Feb-12 22:15:23.470650 [DEBUG]   simpleofdmdemod1: CRC failed - error count = 107
2012-Feb-12 22:15:23.507807 [DEBUG]   simpleofdmdemod1: CRC failed - error count = 108
2012-Feb-12 22:15:23.544356 [DEBUG]   simpleofdmdemod1: CRC failed - error count = 109
2012-Feb-12 22:15:23.581210 [DEBUG]   simpleofdmdemod1: CRC failed - error count = 110
2012-Feb-12 22:15:23.622815 [DEBUG]   simpleofdmdemod1: CRC failed - error count = 111
2012-Feb-12 22:15:23.749218 [DEBUG]   simpleofdmdemod1: CRC failed - error count = 112
2012-Feb-12 22:15:23.949853 [DEBUG]   simpleofdmdemod1: CRC failed - error count = 113
2012-Feb-12 22:15:24.011450 [DEBUG]   simpleofdmdemod1: CRC failed - error count = 114
2012-Feb-12 22:15:24.042813 [DEBUG]   simpleofdmdemod1: CRC failed - error count = 115
2012-Feb-12 22:15:24.117775 [DEBUG]   simpleofdmdemod1: CRC failed - error count = 116
2012-Feb-12 22:15:24.179174 [DEBUG]   simpleofdmdemod1: CRC failed - error count = 117
2012-Feb-12 22:15:24.236547 [DEBUG]   simpleofdmdemod1: CRC failed - error count = 118
2012-Feb-12 22:15:24.293933 [DEBUG]   simpleofdmdemod1: CRC failed - error count = 119
2012-Feb-12 22:15:24.322663 [DEBUG]   simpleofdmdemod1: CRC failed - error count = 120
2012-Feb-12 22:15:24.347219 [DEBUG]   simpleofdmdemod1: CRC failed - error count = 121
2012-Feb-12 22:15:24.371827 [DEBUG]   simpleofdmdemod1: CRC failed - error count = 122
2012-Feb-12 22:15:24.396174 [DEBUG]   simpleofdmdemod1: CRC failed - error count = 123
2012-Feb-12 22:15:24.424985 [DEBUG]   simpleofdmdemod1: CRC failed - error count = 124
2012-Feb-12 22:15:24.449584 [DEBUG]   simpleofdmdemod1: CRC failed - error count = 125
2012-Feb-12 22:15:24.646140 [DEBUG]   simpleofdmdemod1: CRC failed - error count = 126
2012-Feb-12 22:15:24.687161 [DEBUG]   simpleofdmdemod1: CRC failed - error count = 127
2012-Feb-12 22:15:24.719810 [DEBUG]   simpleofdmdemod1: CRC failed - error count = 128
2012-Feb-12 22:15:24.744422 [DEBUG]   simpleofdmdemod1: CRC failed - error count = 129
2012-Feb-12 22:15:24.764962 [DEBUG]   simpleofdmdemod1: CRC failed - error count = 130
2012-Feb-12 22:15:24.859172 [DEBUG]   simpleofdmdemod1: CRC failed - error count = 131
2012-Feb-12 22:15:24.883692 [DEBUG]   simpleofdmdemod1: CRC failed - error count = 132
2012-Feb-12 22:15:24.904156 [DEBUG]   simpleofdmdemod1: CRC failed - error count = 133
2012-Feb-12 22:15:24.928686 [DEBUG]   simpleofdmdemod1: CRC failed - error count = 134
2012-Feb-12 22:15:24.973832 [DEBUG]   simpleofdmdemod1: CRC failed - error count = 135
2012-Feb-12 22:15:25.379586 [DEBUG]   simpleofdmdemod1: CRC failed - error count = 136
2012-Feb-12 22:15:25.588186 [DEBUG]   simpleofdmdemod1: CRC failed - error count = 137
2012-Feb-12 22:15:25.620972 [DEBUG]   simpleofdmdemod1: CRC failed - error count = 138
2012-Feb-12 22:15:25.654143 [DEBUG]   simpleofdmdemod1: CRC failed - error count = 139
2012-Feb-12 22:15:44.418123 [INFO]    simpleofdmdemod1: Frame error rate = 0.139
2012-Feb-12 22:15:44.999200 [DEBUG]   simpleofdmdemod1: CRC failed - error count = 1
2012-Feb-12 22:15:45.183464 [DEBUG]   simpleofdmdemod1: CRC failed - error count = 2
2012-Feb-12 22:15:45.220393 [DEBUG]   simpleofdmdemod1: CRC failed - error count = 3
2012-Feb-12 22:15:45.306403 [DEBUG]   simpleofdmdemod1: CRC failed - error count = 4
2012-Feb-12 22:15:45.466640 [DEBUG]   simpleofdmdemod1: CRC failed - error count = 5
2012-Feb-12 22:15:46.445490 [DEBUG]   simpleofdmdemod1: CRC failed - error count = 6
2012-Feb-12 22:15:46.726882 [DEBUG]   simpleofdmdemod1: CRC failed - error count = 7
2012-Feb-12 22:15:46.764917 [DEBUG]   simpleofdmdemod1: CRC failed - error count = 8
2012-Feb-12 22:15:46.818751 [DEBUG]   simpleofdmdemod1: CRC failed - error count = 9
2012-Feb-12 22:15:50.086823 [DEBUG]   simpleofdmdemod1: CRC failed - error count = 10
2012-Feb-12 22:15:50.143627 [DEBUG]   simpleofdmdemod1: CRC failed - error count = 11
2012-Feb-12 22:15:50.221569 [DEBUG]   simpleofdmdemod1: CRC failed - error count = 12
2012-Feb-12 22:15:50.238592 [DEBUG]   simpleofdmdemod1: CRC failed - error count = 13
2012-Feb-12 22:15:50.254610 [DEBUG]   simpleofdmdemod1: CRC failed - error count = 14
2012-Feb-12 22:15:50.274723 [DEBUG]   simpleofdmdemod1: CRC failed - error count = 15
2012-Feb-12 22:15:50.291468 [DEBUG]   simpleofdmdemod1: CRC failed - error count = 16
2012-Feb-12 22:15:50.311520 [DEBUG]   simpleofdmdemod1: CRC failed - error count = 17
2012-Feb-12 22:15:50.344961 [DEBUG]   simpleofdmdemod1: CRC failed - error count = 18
2012-Feb-12 22:15:50.364829 [DEBUG]   simpleofdmdemod1: CRC failed - error count = 19
2012-Feb-12 22:15:50.381629 [DEBUG]   simpleofdmdemod1: CRC failed - error count = 20
2012-Feb-12 22:15:50.398041 [DEBUG]   simpleofdmdemod1: CRC failed - error count = 21
2012-Feb-12 22:15:50.419315 [DEBUG]   simpleofdmdemod1: CRC failed - error count = 22
2012-Feb-12 22:15:50.433635 [DEBUG]   simpleofdmdemod1: CRC failed - error count = 23
2012-Feb-12 22:15:50.450126 [DEBUG]   simpleofdmdemod1: CRC failed - error count = 24
2012-Feb-12 22:15:50.471740 [DEBUG]   simpleofdmdemod1: CRC failed - error count = 25
2012-Feb-12 22:15:50.489110 [DEBUG]   simpleofdmdemod1: CRC failed - error count = 26
2012-Feb-12 22:15:50.524994 [DEBUG]   simpleofdmdemod1: CRC failed - error count = 27
2012-Feb-12 22:15:50.541405 [DEBUG]   simpleofdmdemod1: CRC failed - error count = 28
2012-Feb-12 22:15:50.557788 [DEBUG]   simpleofdmdemod1: CRC failed - error count = 29
2012-Feb-12 22:15:50.594752 [DEBUG]   simpleofdmdemod1: CRC failed - error count = 30
2012-Feb-12 22:15:50.613102 [DEBUG]   simpleofdmdemod1: CRC failed - error count = 31
2012-Feb-12 22:15:50.647946 [DEBUG]   simpleofdmdemod1: CRC failed - error count = 32
2012-Feb-12 22:15:50.664002 [DEBUG]   simpleofdmdemod1: CRC failed - error count = 33
2012-Feb-12 22:15:50.685032 [DEBUG]   simpleofdmdemod1: CRC failed - error count = 34
2012-Feb-12 22:15:50.738044 [DEBUG]   simpleofdmdemod1: CRC failed - error count = 35
2012-Feb-12 22:15:50.754356 [DEBUG]   simpleofdmdemod1: CRC failed - error count = 36
2012-Feb-12 22:15:50.771674 [DEBUG]   simpleofdmdemod1: CRC failed - error count = 37
2012-Feb-12 22:15:50.824115 [DEBUG]   simpleofdmdemod1: CRC failed - error count = 38
2012-Feb-12 22:15:50.840481 [DEBUG]   simpleofdmdemod1: CRC failed - error count = 39
2012-Feb-12 22:15:50.856492 [DEBUG]   simpleofdmdemod1: CRC failed - error count = 40
2012-Feb-12 22:15:50.872953 [DEBUG]   simpleofdmdemod1: CRC failed - error count = 41
2012-Feb-12 22:15:50.909840 [DEBUG]   simpleofdmdemod1: CRC failed - error count = 42
2012-Feb-12 22:15:50.926509 [DEBUG]   simpleofdmdemod1: CRC failed - error count = 43
2012-Feb-12 22:15:50.943197 [DEBUG]   simpleofdmdemod1: CRC failed - error count = 44
2012-Feb-12 22:15:50.959649 [DEBUG]   simpleofdmdemod1: CRC failed - error count = 45
2012-Feb-12 22:15:50.975438 [DEBUG]   simpleofdmdemod1: CRC failed - error count = 46
2012-Feb-12 22:15:50.992254 [DEBUG]   simpleofdmdemod1: CRC failed - error count = 47
2012-Feb-12 22:15:51.009536 [DEBUG]   simpleofdmdemod1: CRC failed - error count = 48
2012-Feb-12 22:15:51.028433 [DEBUG]   simpleofdmdemod1: CRC failed - error count = 49
2012-Feb-12 22:15:51.049402 [DEBUG]   simpleofdmdemod1: CRC failed - error count = 50
2012-Feb-12 22:15:51.086232 [DEBUG]   simpleofdmdemod1: CRC failed - error count = 51
2012-Feb-12 22:15:51.102640 [DEBUG]   simpleofdmdemod1: CRC failed - error count = 52
2012-Feb-12 22:15:51.123490 [DEBUG]   simpleofdmdemod1: CRC failed - error count = 53
2012-Feb-12 22:15:51.143448 [DEBUG]   simpleofdmdemod1: CRC failed - error count = 54
2012-Feb-12 22:15:51.159979 [DEBUG]   simpleofdmdemod1: CRC failed - error count = 55
2012-Feb-12 22:15:51.180372 [DEBUG]   simpleofdmdemod1: CRC failed - error count = 56
2012-Feb-12 22:15:51.196362 [DEBUG]   simpleofdmdemod1: CRC failed - error count = 57
2012-Feb-12 22:15:51.217462 [DEBUG]   simpleofdmdemod1: CRC failed - error count = 58
2012-Feb-12 22:15:51.258266 [DEBUG]   simpleofdmdemod1: CRC failed - error count = 59
2012-Feb-12 22:15:51.274299 [DEBUG]   simpleofdmdemod1: CRC failed - error count = 60
2012-Feb-12 22:15:51.303295 [DEBUG]   simpleofdmdemod1: CRC failed - error count = 61
2012-Feb-12 22:15:51.319669 [DEBUG]   simpleofdmdemod1: CRC failed - error count = 62
2012-Feb-12 22:15:51.364357 [DEBUG]   simpleofdmdemod1: CRC failed - error count = 63
2012-Feb-12 22:15:51.393066 [DEBUG]   simpleofdmdemod1: CRC failed - error count = 64
2012-Feb-12 22:15:51.405926 [DEBUG]   simpleofdmdemod1: CRC failed - error count = 65
2012-Feb-12 22:15:51.536321 [DEBUG]   simpleofdmdemod1: CRC failed - error count = 66
2012-Feb-12 22:15:51.557299 [DEBUG]   simpleofdmdemod1: CRC failed - error count = 67
2012-Feb-12 22:15:51.602186 [DEBUG]   simpleofdmdemod1: CRC failed - error count = 68
2012-Feb-12 22:15:51.675941 [DEBUG]   simpleofdmdemod1: CRC failed - error count = 69
2012-Feb-12 22:15:51.712974 [DEBUG]   simpleofdmdemod1: CRC failed - error count = 70
2012-Feb-12 22:15:51.733339 [DEBUG]   simpleofdmdemod1: CRC failed - error count = 71
2012-Feb-12 22:15:51.782167 [DEBUG]   simpleofdmdemod1: CRC failed - error count = 72
2012-Feb-12 22:15:51.819327 [DEBUG]   simpleofdmdemod1: CRC failed - error count = 73
2012-Feb-12 22:15:51.835436 [DEBUG]   simpleofdmdemod1: CRC failed - error count = 74
2012-Feb-12 22:15:51.917609 [DEBUG]   simpleofdmdemod1: CRC failed - error count = 75
2012-Feb-12 22:15:51.934463 [DEBUG]   simpleofdmdemod1: CRC failed - error count = 76
2012-Feb-12 22:15:51.966738 [DEBUG]   simpleofdmdemod1: CRC failed - error count = 77
2012-Feb-12 22:15:51.983110 [DEBUG]   simpleofdmdemod1: CRC failed - error count = 78
2012-Feb-12 22:15:52.073699 [DEBUG]   simpleofdmdemod1: CRC failed - error count = 79
2012-Feb-12 22:15:52.167528 [DEBUG]   simpleofdmdemod1: CRC failed - error count = 80
2012-Feb-12 22:15:52.524301 [ERROR]   usrpuhdrx1: Overflow detected - lost 1656 samples
2012-Feb-12 22:15:52.524688 [ERROR]   usrpuhdrx1: Usrp error: Overflow
2012-Feb-12 22:15:52.524745 [ERROR]   usrpuhdrx1: Overflow detected - lost 2440 samples
2012-Feb-12 22:15:52.525235 [DEBUG]   simpleofdmdemod1: CRC failed - error count = 81
2012-Feb-12 22:15:52.525353 [ERROR]   usrpuhdrx1: Overflow detected - lost 279350 samples
2012-Feb-12 22:15:52.525960 [DEBUG]   simpleofdmdemod1: CRC failed - error count = 82
2012-Feb-12 22:15:54.672135 [DEBUG]   simpleofdmdemod1: CRC failed - error count = 83
2012-Feb-12 22:15:54.767513 [DEBUG]   simpleofdmdemod1: CRC failed - error count = 84
2012-Feb-12 22:15:54.923287 [DEBUG]   simpleofdmdemod1: CRC failed - error count = 85
2012-Feb-12 22:15:55.611386 [DEBUG]   simpleofdmdemod1: CRC failed - error count = 86
2012-Feb-12 22:15:55.775135 [DEBUG]   simpleofdmdemod1: CRC failed - error count = 87
2012-Feb-12 22:15:56.000090 [DEBUG]   simpleofdmdemod1: CRC failed - error count = 88
2012-Feb-12 22:15:56.033273 [DEBUG]   simpleofdmdemod1: CRC failed - error count = 89
2012-Feb-12 22:15:56.356762 [DEBUG]   simpleofdmdemod1: CRC failed - error count = 90
2012-Feb-12 22:15:56.385484 [DEBUG]   simpleofdmdemod1: CRC failed - error count = 91
2012-Feb-12 22:15:56.487027 [DEBUG]   simpleofdmdemod1: CRC failed - error count = 92
2012-Feb-12 22:15:56.520352 [DEBUG]   simpleofdmdemod1: CRC failed - error count = 93
2012-Feb-12 22:15:56.561573 [DEBUG]   simpleofdmdemod1: CRC failed - error count = 94
2012-Feb-12 22:15:56.598422 [DEBUG]   simpleofdmdemod1: CRC failed - error count = 95
2012-Feb-12 22:15:56.631230 [DEBUG]   simpleofdmdemod1: CRC failed - error count = 96
2012-Feb-12 22:15:56.651716 [DEBUG]   simpleofdmdemod1: CRC failed - error count = 97
2012-Feb-12 22:15:56.667987 [DEBUG]   simpleofdmdemod1: CRC failed - error count = 98
2012-Feb-12 22:15:56.688473 [DEBUG]   simpleofdmdemod1: CRC failed - error count = 99
2012-Feb-12 22:15:56.704890 [DEBUG]   simpleofdmdemod1: CRC failed - error count = 100
2012-Feb-12 22:15:56.725357 [DEBUG]   simpleofdmdemod1: CRC failed - error count = 101
2012-Feb-12 22:15:56.741732 [DEBUG]   simpleofdmdemod1: CRC failed - error count = 102
2012-Feb-12 22:15:56.762356 [DEBUG]   simpleofdmdemod1: CRC failed - error count = 103
2012-Feb-12 22:15:56.783226 [DEBUG]   simpleofdmdemod1: CRC failed - error count = 104
2012-Feb-12 22:15:56.798149 [DEBUG]   simpleofdmdemod1: CRC failed - error count = 105
2012-Feb-12 22:15:56.819593 [DEBUG]   simpleofdmdemod1: CRC failed - error count = 106
2012-Feb-12 22:15:56.835963 [DEBUG]   simpleofdmdemod1: CRC failed - error count = 107
2012-Feb-12 22:15:56.852394 [DEBUG]   simpleofdmdemod1: CRC failed - error count = 108
2012-Feb-12 22:15:56.864647 [DEBUG]   simpleofdmdemod1: CRC failed - error count = 109
2012-Feb-12 22:15:56.881061 [DEBUG]   simpleofdmdemod1: CRC failed - error count = 110
2012-Feb-12 22:15:56.893327 [DEBUG]   simpleofdmdemod1: CRC failed - error count = 111
2012-Feb-12 22:15:56.922642 [DEBUG]   simpleofdmdemod1: CRC failed - error count = 112
2012-Feb-12 22:15:56.934325 [DEBUG]   simpleofdmdemod1: CRC failed - error count = 113
2012-Feb-12 22:15:56.951147 [DEBUG]   simpleofdmdemod1: CRC failed - error count = 114
2012-Feb-12 22:15:57.765767 [DEBUG]   simpleofdmdemod1: CRC failed - error count = 115
2012-Feb-12 22:15:57.819012 [DEBUG]   simpleofdmdemod1: CRC failed - error count = 116
2012-Feb-12 22:15:57.978838 [DEBUG]   simpleofdmdemod1: CRC failed - error count = 117
2012-Feb-12 22:15:58.027936 [DEBUG]   simpleofdmdemod1: CRC failed - error count = 118
2012-Feb-12 22:15:58.089742 [DEBUG]   simpleofdmdemod1: CRC failed - error count = 119
2012-Feb-12 22:15:58.108615 [DEBUG]   simpleofdmdemod1: CRC failed - error count = 120
2012-Feb-12 22:15:58.150745 [DEBUG]   simpleofdmdemod1: CRC failed - error count = 121
2012-Feb-12 22:15:58.171272 [DEBUG]   simpleofdmdemod1: CRC failed - error count = 122
2012-Feb-12 22:15:58.445720 [DEBUG]   simpleofdmdemod1: CRC failed - error count = 123
2012-Feb-12 22:15:58.728252 [DEBUG]   simpleofdmdemod1: CRC failed - error count = 124
2012-Feb-12 22:15:58.761030 [DEBUG]   simpleofdmdemod1: CRC failed - error count = 125
2012-Feb-12 22:15:58.793790 [DEBUG]   simpleofdmdemod1: CRC failed - error count = 126
2012-Feb-12 22:15:58.814261 [DEBUG]   simpleofdmdemod1: CRC failed - error count = 127
2012-Feb-12 22:15:58.892143 [DEBUG]   simpleofdmdemod1: CRC failed - error count = 128
2012-Feb-12 22:15:58.904403 [DEBUG]   simpleofdmdemod1: CRC failed - error count = 129
2012-Feb-12 22:15:59.039537 [DEBUG]   simpleofdmdemod1: CRC failed - error count = 130
2012-Feb-12 22:15:59.109162 [DEBUG]   simpleofdmdemod1: CRC failed - error count = 131
2012-Feb-12 22:15:59.154244 [DEBUG]   simpleofdmdemod1: CRC failed - error count = 132
2012-Feb-12 22:15:59.215657 [DEBUG]   simpleofdmdemod1: CRC failed - error count = 133
2012-Feb-12 22:15:59.363255 [DEBUG]   simpleofdmdemod1: CRC failed - error count = 134
2012-Feb-12 22:15:59.379588 [DEBUG]   simpleofdmdemod1: CRC failed - error count = 135
2012-Feb-12 22:15:59.420506 [DEBUG]   simpleofdmdemod1: CRC failed - error count = 136
2012-Feb-12 22:15:59.457439 [DEBUG]   simpleofdmdemod1: CRC failed - error count = 137
2012-Feb-12 22:15:59.473789 [DEBUG]   simpleofdmdemod1: CRC failed - error count = 138
2012-Feb-12 22:15:59.576126 [DEBUG]   simpleofdmdemod1: CRC failed - error count = 139
2012-Feb-12 22:15:59.617545 [DEBUG]   simpleofdmdemod1: CRC failed - error count = 140
2012-Feb-12 22:15:59.707194 [DEBUG]   simpleofdmdemod1: CRC failed - error count = 141
2012-Feb-12 22:15:59.731725 [DEBUG]   simpleofdmdemod1: CRC failed - error count = 142
2012-Feb-12 22:15:59.916097 [DEBUG]   simpleofdmdemod1: CRC failed - error count = 143
2012-Feb-12 22:15:59.936536 [DEBUG]   simpleofdmdemod1: CRC failed - error count = 144
2012-Feb-12 22:15:59.979195 [DEBUG]   simpleofdmdemod1: CRC failed - error count = 145
2012-Feb-12 22:16:00.002884 [DEBUG]   simpleofdmdemod1: CRC failed - error count = 146
2012-Feb-12 22:16:00.022601 [DEBUG]   simpleofdmdemod1: CRC failed - error count = 147
2012-Feb-12 22:16:00.043134 [DEBUG]   simpleofdmdemod1: CRC failed - error count = 148
2012-Feb-12 22:16:00.125395 [DEBUG]   simpleofdmdemod1: CRC failed - error count = 149
2012-Feb-12 22:16:00.145464 [DEBUG]   simpleofdmdemod1: CRC failed - error count = 150
2012-Feb-12 22:16:00.166004 [DEBUG]   simpleofdmdemod1: CRC failed - error count = 151
2012-Feb-12 22:16:00.182347 [DEBUG]   simpleofdmdemod1: CRC failed - error count = 152
2012-Feb-12 22:16:00.198681 [DEBUG]   simpleofdmdemod1: CRC failed - error count = 153
2012-Feb-12 22:16:00.215063 [DEBUG]   simpleofdmdemod1: CRC failed - error count = 154
2012-Feb-12 22:16:00.235562 [DEBUG]   simpleofdmdemod1: CRC failed - error count = 155
2012-Feb-12 22:16:00.301098 [DEBUG]   simpleofdmdemod1: CRC failed - error count = 156
2012-Feb-12 22:16:00.677935 [DEBUG]   simpleofdmdemod1: CRC failed - error count = 157
2012-Feb-12 22:16:00.714741 [DEBUG]   simpleofdmdemod1: CRC failed - error count = 158
2012-Feb-12 22:16:00.842204 [DEBUG]   simpleofdmdemod1: CRC failed - error count = 159
2012-Feb-12 22:16:00.874663 [DEBUG]   simpleofdmdemod1: CRC failed - error count = 160
2012-Feb-12 22:16:00.890905 [DEBUG]   simpleofdmdemod1: CRC failed - error count = 161
2012-Feb-12 22:16:00.911422 [DEBUG]   simpleofdmdemod1: CRC failed - error count = 162
2012-Feb-12 22:16:00.927736 [DEBUG]   simpleofdmdemod1: CRC failed - error count = 163
2012-Feb-12 22:16:00.945121 [DEBUG]   simpleofdmdemod1: CRC failed - error count = 164
2012-Feb-12 22:16:00.977187 [DEBUG]   simpleofdmdemod1: CRC failed - error count = 165
2012-Feb-12 22:16:00.997886 [DEBUG]   simpleofdmdemod1: CRC failed - error count = 166
2012-Feb-12 22:16:01.013791 [DEBUG]   simpleofdmdemod1: CRC failed - error count = 167
2012-Feb-12 22:16:01.034688 [DEBUG]   simpleofdmdemod1: CRC failed - error count = 168
2012-Feb-12 22:16:01.050618 [DEBUG]   simpleofdmdemod1: CRC failed - error count = 169
2012-Feb-12 22:16:01.071544 [DEBUG]   simpleofdmdemod1: CRC failed - error count = 170
2012-Feb-12 22:16:01.083425 [DEBUG]   simpleofdmdemod1: CRC failed - error count = 171
2012-Feb-12 22:16:01.103900 [DEBUG]   simpleofdmdemod1: CRC failed - error count = 172
2012-Feb-12 22:16:01.124440 [DEBUG]   simpleofdmdemod1: CRC failed - error count = 173
2012-Feb-12 22:16:01.144806 [DEBUG]   simpleofdmdemod1: CRC failed - error count = 174
2012-Feb-12 22:16:01.161262 [DEBUG]   simpleofdmdemod1: CRC failed - error count = 175
2012-Feb-12 22:16:01.198151 [DEBUG]   simpleofdmdemod1: CRC failed - error count = 176
2012-Feb-12 22:16:01.214484 [DEBUG]   simpleofdmdemod1: CRC failed - error count = 177
2012-Feb-12 22:16:01.226768 [DEBUG]   simpleofdmdemod1: CRC failed - error count = 178
2012-Feb-12 22:16:01.243711 [DEBUG]   simpleofdmdemod1: CRC failed - error count = 179
2012-Feb-12 22:16:01.255552 [DEBUG]   simpleofdmdemod1: CRC failed - error count = 180
2012-Feb-12 22:16:01.267719 [DEBUG]   simpleofdmdemod1: CRC failed - error count = 181
2012-Feb-12 22:16:01.280026 [DEBUG]   simpleofdmdemod1: CRC failed - error count = 182
2012-Feb-12 22:16:01.309116 [DEBUG]   simpleofdmdemod1: CRC failed - error count = 183
2012-Feb-12 22:16:01.321484 [DEBUG]   simpleofdmdemod1: CRC failed - error count = 184
2012-Feb-12 22:16:01.350410 [DEBUG]   simpleofdmdemod1: CRC failed - error count = 185
2012-Feb-12 22:16:01.374879 [DEBUG]   simpleofdmdemod1: CRC failed - error count = 186
2012-Feb-12 22:16:01.402915 [DEBUG]   simpleofdmdemod1: CRC failed - error count = 187
2012-Feb-12 22:16:01.440212 [DEBUG]   simpleofdmdemod1: CRC failed - error count = 188
2012-Feb-12 22:16:01.542599 [DEBUG]   simpleofdmdemod1: CRC failed - error count = 189
2012-Feb-12 22:16:01.566715 [DEBUG]   simpleofdmdemod1: CRC failed - error count = 190
2012-Feb-12 22:16:01.656802 [DEBUG]   simpleofdmdemod1: CRC failed - error count = 191
2012-Feb-12 22:16:01.710251 [DEBUG]   simpleofdmdemod1: CRC failed - error count = 192
2012-Feb-12 22:16:01.727263 [DEBUG]   simpleofdmdemod1: CRC failed - error count = 193
2012-Feb-12 22:16:01.763737 [DEBUG]   simpleofdmdemod1: CRC failed - error count = 194
2012-Feb-12 22:16:01.820761 [DEBUG]   simpleofdmdemod1: CRC failed - error count = 195
2012-Feb-12 22:16:01.837037 [DEBUG]   simpleofdmdemod1: CRC failed - error count = 196
2012-Feb-12 22:16:01.864316 [DEBUG]   simpleofdmdemod1: CRC failed - error count = 197
2012-Feb-12 22:16:01.869508 [DEBUG]   simpleofdmdemod1: CRC failed - error count = 198
2012-Feb-12 22:16:01.910806 [DEBUG]   simpleofdmdemod1: CRC failed - error count = 199
2012-Feb-12 22:16:01.976339 [DEBUG]   simpleofdmdemod1: CRC failed - error count = 200
2012-Feb-12 22:16:02.340856 [DEBUG]   simpleofdmdemod1: CRC failed - error count = 201
2012-Feb-12 22:16:02.356974 [DEBUG]   simpleofdmdemod1: CRC failed - error count = 202
2012-Feb-12 22:16:02.373662 [DEBUG]   simpleofdmdemod1: CRC failed - error count = 203
2012-Feb-12 22:16:02.390169 [DEBUG]   simpleofdmdemod1: CRC failed - error count = 204
2012-Feb-12 22:16:02.418706 [DEBUG]   simpleofdmdemod1: CRC failed - error count = 205
2012-Feb-12 22:16:02.435163 [DEBUG]   simpleofdmdemod1: CRC failed - error count = 206
2012-Feb-12 22:16:02.447356 [DEBUG]   simpleofdmdemod1: CRC failed - error count = 207
2012-Feb-12 22:16:02.464004 [DEBUG]   simpleofdmdemod1: CRC failed - error count = 208
2012-Feb-12 22:16:02.484183 [DEBUG]   simpleofdmdemod1: CRC failed - error count = 209
2012-Feb-12 22:16:02.505125 [DEBUG]   simpleofdmdemod1: CRC failed - error count = 210
2012-Feb-12 22:16:02.529402 [DEBUG]   simpleofdmdemod1: CRC failed - error count = 211
2012-Feb-12 22:16:02.549771 [DEBUG]   simpleofdmdemod1: CRC failed - error count = 212
2012-Feb-12 22:16:02.570626 [DEBUG]   simpleofdmdemod1: CRC failed - error count = 213
2012-Feb-12 22:16:02.590697 [DEBUG]   simpleofdmdemod1: CRC failed - error count = 214
2012-Feb-12 22:16:02.615769 [DEBUG]   simpleofdmdemod1: CRC failed - error count = 215
2012-Feb-12 22:16:02.636134 [DEBUG]   simpleofdmdemod1: CRC failed - error count = 216
2012-Feb-12 22:16:02.656211 [DEBUG]   simpleofdmdemod1: CRC failed - error count = 217
2012-Feb-12 22:16:02.677714 [DEBUG]   simpleofdmdemod1: CRC failed - error count = 218
2012-Feb-12 22:16:02.693091 [DEBUG]   simpleofdmdemod1: CRC failed - error count = 219
2012-Feb-12 22:16:02.709695 [DEBUG]   simpleofdmdemod1: CRC failed - error count = 220
2012-Feb-12 22:16:02.729942 [DEBUG]   simpleofdmdemod1: CRC failed - error count = 221
2012-Feb-12 22:16:02.746336 [DEBUG]   simpleofdmdemod1: CRC failed - error count = 222
2012-Feb-12 22:16:02.762724 [DEBUG]   simpleofdmdemod1: CRC failed - error count = 223
2012-Feb-12 22:16:02.783248 [DEBUG]   simpleofdmdemod1: CRC failed - error count = 224
2012-Feb-12 22:16:02.783407 [INFO]    simpleofdmdemod1: Frame error rate = 0.224
2012-Feb-12 22:16:02.799967 [DEBUG]   simpleofdmdemod1: CRC failed - error count = 1
2012-Feb-12 22:16:02.815985 [DEBUG]   simpleofdmdemod1: CRC failed - error count = 2
2012-Feb-12 22:16:02.836431 [DEBUG]   simpleofdmdemod1: CRC failed - error count = 3
2012-Feb-12 22:16:02.852958 [DEBUG]   simpleofdmdemod1: CRC failed - error count = 4
2012-Feb-12 22:16:02.869711 [DEBUG]   simpleofdmdemod1: CRC failed - error count = 5
2012-Feb-12 22:16:02.889749 [DEBUG]   simpleofdmdemod1: CRC failed - error count = 6
2012-Feb-12 22:16:02.906235 [DEBUG]   simpleofdmdemod1: CRC failed - error count = 7
2012-Feb-12 22:16:02.926607 [DEBUG]   simpleofdmdemod1: CRC failed - error count = 8
2012-Feb-12 22:16:02.942991 [DEBUG]   simpleofdmdemod1: CRC failed - error count = 9
2012-Feb-12 22:16:02.959908 [DEBUG]   simpleofdmdemod1: CRC failed - error count = 10
2012-Feb-12 22:16:02.979862 [DEBUG]   simpleofdmdemod1: CRC failed - error count = 11
2012-Feb-12 22:16:02.996243 [DEBUG]   simpleofdmdemod1: CRC failed - error count = 12
2012-Feb-12 22:16:03.016929 [DEBUG]   simpleofdmdemod1: CRC failed - error count = 13
2012-Feb-12 22:16:03.033051 [DEBUG]   simpleofdmdemod1: CRC failed - error count = 14
2012-Feb-12 22:16:03.049556 [DEBUG]   simpleofdmdemod1: CRC failed - error count = 15
2012-Feb-12 22:16:03.069924 [DEBUG]   simpleofdmdemod1: CRC failed - error count = 16
2012-Feb-12 22:16:03.086331 [DEBUG]   simpleofdmdemod1: CRC failed - error count = 17
2012-Feb-12 22:16:03.103131 [DEBUG]   simpleofdmdemod1: CRC failed - error count = 18
2012-Feb-12 22:16:03.123301 [DEBUG]   simpleofdmdemod1: CRC failed - error count = 19
2012-Feb-12 22:16:03.135566 [DEBUG]   simpleofdmdemod1: CRC failed - error count = 20
2012-Feb-12 22:16:03.188705 [DEBUG]   simpleofdmdemod1: CRC failed - error count = 21
2012-Feb-12 22:16:03.228505 [DEBUG]   simpleofdmdemod1: CRC failed - error count = 22
2012-Feb-12 22:16:03.246519 [DEBUG]   simpleofdmdemod1: CRC failed - error count = 23
2012-Feb-12 22:16:03.299806 [DEBUG]   simpleofdmdemod1: CRC failed - error count = 24
2012-Feb-12 22:16:03.319854 [DEBUG]   simpleofdmdemod1: CRC failed - error count = 25
2012-Feb-12 22:16:03.353050 [DEBUG]   simpleofdmdemod1: CRC failed - error count = 26
2012-Feb-12 22:16:03.369001 [DEBUG]   simpleofdmdemod1: CRC failed - error count = 27
2012-Feb-12 22:16:03.385404 [DEBUG]   simpleofdmdemod1: CRC failed - error count = 28
2012-Feb-12 22:16:03.422336 [DEBUG]   simpleofdmdemod1: CRC failed - error count = 29
2012-Feb-12 22:16:03.455478 [DEBUG]   simpleofdmdemod1: CRC failed - error count = 30
2012-Feb-12 22:16:03.491827 [DEBUG]   simpleofdmdemod1: CRC failed - error count = 31
2012-Feb-12 22:16:03.508649 [DEBUG]   simpleofdmdemod1: CRC failed - error count = 32
2012-Feb-12 22:16:03.581913 [DEBUG]   simpleofdmdemod1: CRC failed - error count = 33
2012-Feb-12 22:16:03.598747 [DEBUG]   simpleofdmdemod1: CRC failed - error count = 34
2012-Feb-12 22:16:03.618845 [DEBUG]   simpleofdmdemod1: CRC failed - error count = 35
2012-Feb-12 22:16:03.708897 [DEBUG]   simpleofdmdemod1: CRC failed - error count = 36
2012-Feb-12 22:16:03.738155 [DEBUG]   simpleofdmdemod1: CRC failed - error count = 37
2012-Feb-12 22:16:03.750023 [DEBUG]   simpleofdmdemod1: CRC failed - error count = 38
2012-Feb-12 22:16:03.840014 [DEBUG]   simpleofdmdemod1: CRC failed - error count = 39
2012-Feb-12 22:16:03.852241 [DEBUG]   simpleofdmdemod1: CRC failed - error count = 40
2012-Feb-12 22:16:03.868661 [DEBUG]   simpleofdmdemod1: CRC failed - error count = 41
2012-Feb-12 22:16:03.926826 [DEBUG]   simpleofdmdemod1: CRC failed - error count = 42
2012-Feb-12 22:16:03.975666 [DEBUG]   simpleofdmdemod1: CRC failed - error count = 43
2012-Feb-12 22:16:04.024510 [DEBUG]   simpleofdmdemod1: CRC failed - error count = 44
2012-Feb-12 22:16:04.044867 [DEBUG]   simpleofdmdemod1: CRC failed - error count = 45
2012-Feb-12 22:16:04.069811 [DEBUG]   simpleofdmdemod1: CRC failed - error count = 46
2012-Feb-12 22:16:04.094823 [DEBUG]   simpleofdmdemod1: CRC failed - error count = 47
2012-Feb-12 22:16:04.118917 [DEBUG]   simpleofdmdemod1: CRC failed - error count = 48
2012-Feb-12 22:16:04.138995 [DEBUG]   simpleofdmdemod1: CRC failed - error count = 49
2012-Feb-12 22:16:04.172443 [DEBUG]   simpleofdmdemod1: CRC failed - error count = 50
2012-Feb-12 22:16:04.192166 [DEBUG]   simpleofdmdemod1: CRC failed - error count = 51
2012-Feb-12 22:16:04.204517 [DEBUG]   simpleofdmdemod1: CRC failed - error count = 52
2012-Feb-12 22:16:04.241419 [DEBUG]   simpleofdmdemod1: CRC failed - error count = 53
2012-Feb-12 22:16:04.262450 [DEBUG]   simpleofdmdemod1: CRC failed - error count = 54
2012-Feb-12 22:16:04.278627 [DEBUG]   simpleofdmdemod1: CRC failed - error count = 55
2012-Feb-12 22:16:04.294970 [DEBUG]   simpleofdmdemod1: CRC failed - error count = 56
2012-Feb-12 22:16:04.310979 [DEBUG]   simpleofdmdemod1: CRC failed - error count = 57
2012-Feb-12 22:16:04.331464 [DEBUG]   simpleofdmdemod1: CRC failed - error count = 58
2012-Feb-12 22:16:04.347797 [DEBUG]   simpleofdmdemod1: CRC failed - error count = 59
2012-Feb-12 22:16:04.376533 [DEBUG]   simpleofdmdemod1: CRC failed - error count = 60
2012-Feb-12 22:16:04.393373 [DEBUG]   simpleofdmdemod1: CRC failed - error count = 61
2012-Feb-12 22:16:04.409314 [DEBUG]   simpleofdmdemod1: CRC failed - error count = 62
2012-Feb-12 22:16:04.459196 [DEBUG]   simpleofdmdemod1: CRC failed - error count = 63
2012-Feb-12 22:16:04.471271 [DEBUG]   simpleofdmdemod1: CRC failed - error count = 64
2012-Feb-12 22:16:04.503668 [DEBUG]   simpleofdmdemod1: CRC failed - error count = 65
2012-Feb-12 22:16:04.552834 [DEBUG]   simpleofdmdemod1: CRC failed - error count = 66
2012-Feb-12 22:16:04.696000 [DEBUG]   simpleofdmdemod1: CRC failed - error count = 67
2012-Feb-12 22:16:04.716943 [DEBUG]   simpleofdmdemod1: CRC failed - error count = 68
2012-Feb-12 22:16:04.757847 [DEBUG]   simpleofdmdemod1: CRC failed - error count = 69
2012-Feb-12 22:16:04.855744 [DEBUG]   simpleofdmdemod1: CRC failed - error count = 70
2012-Feb-12 22:16:04.974575 [DEBUG]   simpleofdmdemod1: CRC failed - error count = 71
2012-Feb-12 22:16:05.724097 [DEBUG]   simpleofdmdemod1: CRC failed - error count = 72
2012-Feb-12 22:16:05.920685 [DEBUG]   simpleofdmdemod1: CRC failed - error count = 73
2012-Feb-12 22:16:05.977584 [DEBUG]   simpleofdmdemod1: CRC failed - error count = 74
2012-Feb-12 22:16:06.219892 [DEBUG]   simpleofdmdemod1: CRC failed - error count = 75
2012-Feb-12 22:16:06.248517 [DEBUG]   simpleofdmdemod1: CRC failed - error count = 76
2012-Feb-12 22:16:06.260686 [DEBUG]   simpleofdmdemod1: CRC failed - error count = 77
2012-Feb-12 22:16:06.272913 [DEBUG]   simpleofdmdemod1: CRC failed - error count = 78
2012-Feb-12 22:16:07.747813 [DEBUG]   simpleofdmdemod1: CRC failed - error count = 79
2012-Feb-12 22:16:07.764285 [DEBUG]   simpleofdmdemod1: CRC failed - error count = 80
2012-Feb-12 22:16:07.780642 [DEBUG]   simpleofdmdemod1: CRC failed - error count = 81
2012-Feb-12 22:16:07.796896 [DEBUG]   simpleofdmdemod1: CRC failed - error count = 82
2012-Feb-12 22:16:09.791766 [DEBUG]   simpleofdmdemod1: CRC failed - error count = 83
2012-Feb-12 22:16:09.816308 [DEBUG]   simpleofdmdemod1: CRC failed - error count = 84
2012-Feb-12 22:16:09.852764 [DEBUG]   simpleofdmdemod1: CRC failed - error count = 85
2012-Feb-12 22:16:09.894331 [DEBUG]   simpleofdmdemod1: CRC failed - error count = 86
2012-Feb-12 22:16:09.906917 [DEBUG]   simpleofdmdemod1: CRC failed - error count = 87
2012-Feb-12 22:16:09.959704 [DEBUG]   simpleofdmdemod1: CRC failed - error count = 88
2012-Feb-12 22:16:09.984270 [DEBUG]   simpleofdmdemod1: CRC failed - error count = 89
2012-Feb-12 22:16:10.012954 [DEBUG]   simpleofdmdemod1: CRC failed - error count = 90
2012-Feb-12 22:16:10.045702 [DEBUG]   simpleofdmdemod1: CRC failed - error count = 91
2012-Feb-12 22:16:10.103034 [DEBUG]   simpleofdmdemod1: CRC failed - error count = 92
2012-Feb-12 22:16:10.135760 [DEBUG]   simpleofdmdemod1: CRC failed - error count = 93
2012-Feb-12 22:16:10.164035 [DEBUG]   simpleofdmdemod1: CRC failed - error count = 94
2012-Feb-12 22:16:10.184934 [DEBUG]   simpleofdmdemod1: CRC failed - error count = 95
2012-Feb-12 22:16:10.201331 [DEBUG]   simpleofdmdemod1: CRC failed - error count = 96
2012-Feb-12 22:16:10.217721 [DEBUG]   simpleofdmdemod1: CRC failed - error count = 97
2012-Feb-12 22:16:10.238234 [DEBUG]   simpleofdmdemod1: CRC failed - error count = 98
2012-Feb-12 22:16:10.254572 [DEBUG]   simpleofdmdemod1: CRC failed - error count = 99
2012-Feb-12 22:16:10.275034 [DEBUG]   simpleofdmdemod1: CRC failed - error count = 100
2012-Feb-12 22:16:10.287449 [DEBUG]   simpleofdmdemod1: CRC failed - error count = 101
2012-Feb-12 22:16:10.307480 [DEBUG]   simpleofdmdemod1: CRC failed - error count = 102
2012-Feb-12 22:16:10.344682 [DEBUG]   simpleofdmdemod1: CRC failed - error count = 103
2012-Feb-12 22:16:10.361117 [DEBUG]   simpleofdmdemod1: CRC failed - error count = 104
2012-Feb-12 22:16:10.393925 [DEBUG]   simpleofdmdemod1: CRC failed - error count = 105
2012-Feb-12 22:16:10.410244 [DEBUG]   simpleofdmdemod1: CRC failed - error count = 106
2012-Feb-12 22:16:10.442990 [DEBUG]   simpleofdmdemod1: CRC failed - error count = 107
2012-Feb-12 22:16:10.459355 [DEBUG]   simpleofdmdemod1: CRC failed - error count = 108
2012-Feb-12 22:16:10.504436 [DEBUG]   simpleofdmdemod1: CRC failed - error count = 109
2012-Feb-12 22:16:10.520838 [DEBUG]   simpleofdmdemod1: CRC failed - error count = 110
2012-Feb-12 22:16:10.938659 [DEBUG]   simpleofdmdemod1: CRC failed - error count = 111
2012-Feb-12 22:16:10.967874 [DEBUG]   simpleofdmdemod1: CRC failed - error count = 112
2012-Feb-12 22:16:11.770420 [DEBUG]   simpleofdmdemod1: CRC failed - error count = 113
2012-Feb-12 22:16:12.118238 [DEBUG]   simpleofdmdemod1: CRC failed - error count = 114
2012-Feb-12 22:16:12.265681 [DEBUG]   simpleofdmdemod1: CRC failed - error count = 115
2012-Feb-12 22:16:12.355764 [DEBUG]   simpleofdmdemod1: CRC failed - error count = 116
2012-Feb-12 22:16:12.392643 [DEBUG]   simpleofdmdemod1: CRC failed - error count = 117
2012-Feb-12 22:16:12.405000 [DEBUG]   simpleofdmdemod1: CRC failed - error count = 118
2012-Feb-12 22:16:12.417281 [DEBUG]   simpleofdmdemod1: CRC failed - error count = 119
2012-Feb-12 22:16:12.441825 [DEBUG]   simpleofdmdemod1: CRC failed - error count = 120
2012-Feb-12 22:16:12.507467 [DEBUG]   simpleofdmdemod1: CRC failed - error count = 121
2012-Feb-12 22:16:12.536010 [DEBUG]   simpleofdmdemod1: CRC failed - error count = 122
2012-Feb-12 22:16:12.564675 [DEBUG]   simpleofdmdemod1: CRC failed - error count = 123
2012-Feb-12 22:16:12.851446 [DEBUG]   simpleofdmdemod1: CRC failed - error count = 124
2012-Feb-12 22:16:12.867789 [DEBUG]   simpleofdmdemod1: CRC failed - error count = 125
2012-Feb-12 22:16:13.211911 [DEBUG]   simpleofdmdemod1: CRC failed - error count = 126
2012-Feb-12 22:16:13.310277 [DEBUG]   simpleofdmdemod1: CRC failed - error count = 127
2012-Feb-12 22:16:13.363388 [DEBUG]   simpleofdmdemod1: CRC failed - error count = 128
2012-Feb-12 22:16:13.380625 [DEBUG]   simpleofdmdemod1: CRC failed - error count = 129
2012-Feb-12 22:16:13.420772 [DEBUG]   simpleofdmdemod1: CRC failed - error count = 130
2012-Feb-12 22:16:13.433049 [DEBUG]   simpleofdmdemod1: CRC failed - error count = 131
2012-Feb-12 22:16:13.449445 [DEBUG]   simpleofdmdemod1: CRC failed - error count = 132
2012-Feb-12 22:16:13.502650 [DEBUG]   simpleofdmdemod1: CRC failed - error count = 133
2012-Feb-12 22:16:13.527348 [DEBUG]   simpleofdmdemod1: CRC failed - error count = 134
2012-Feb-12 22:16:13.727928 [DEBUG]   simpleofdmdemod1: CRC failed - error count = 135
2012-Feb-12 22:16:13.740176 [DEBUG]   simpleofdmdemod1: CRC failed - error count = 136
2012-Feb-12 22:16:13.752453 [DEBUG]   simpleofdmdemod1: CRC failed - error count = 137
2012-Feb-12 22:16:13.777131 [DEBUG]   simpleofdmdemod1: CRC failed - error count = 138
2012-Feb-12 22:16:13.789406 [DEBUG]   simpleofdmdemod1: CRC failed - error count = 139
2012-Feb-12 22:16:14.469467 [DEBUG]   simpleofdmdemod1: CRC failed - error count = 140
2012-Feb-12 22:16:14.502547 [DEBUG]   simpleofdmdemod1: CRC failed - error count = 141
2012-Feb-12 22:16:14.514454 [DEBUG]   simpleofdmdemod1: CRC failed - error count = 142
2012-Feb-12 22:16:14.547225 [DEBUG]   simpleofdmdemod1: CRC failed - error count = 143
2012-Feb-12 22:16:14.567598 [DEBUG]   simpleofdmdemod1: CRC failed - error count = 144
2012-Feb-12 22:16:14.588056 [DEBUG]   simpleofdmdemod1: CRC failed - error count = 145
2012-Feb-12 22:16:14.608535 [DEBUG]   simpleofdmdemod1: CRC failed - error count = 146
2012-Feb-12 22:16:14.653642 [DEBUG]   simpleofdmdemod1: CRC failed - error count = 147
2012-Feb-12 22:16:14.674173 [DEBUG]   simpleofdmdemod1: CRC failed - error count = 148
2012-Feb-12 22:16:14.694585 [DEBUG]   simpleofdmdemod1: CRC failed - error count = 149
2012-Feb-12 22:16:14.870678 [DEBUG]   simpleofdmdemod1: CRC failed - error count = 150
2012-Feb-12 22:16:14.886264 [DEBUG]   simpleofdmdemod1: CRC failed - error count = 151
2012-Feb-12 22:16:14.899490 [DEBUG]   simpleofdmdemod1: CRC failed - error count = 152
2012-Feb-12 22:16:14.911751 [DEBUG]   simpleofdmdemod1: CRC failed - error count = 153
2012-Feb-12 22:16:14.940428 [DEBUG]   simpleofdmdemod1: CRC failed - error count = 154
2012-Feb-12 22:16:14.952976 [DEBUG]   simpleofdmdemod1: CRC failed - error count = 155
2012-Feb-12 22:16:14.973711 [DEBUG]   simpleofdmdemod1: CRC failed - error count = 156
2012-Feb-12 22:16:15.132821 [DEBUG]   simpleofdmdemod1: CRC failed - error count = 157
2012-Feb-12 22:16:15.181959 [DEBUG]   simpleofdmdemod1: CRC failed - error count = 158
2012-Feb-12 22:16:15.197612 [DEBUG]   simpleofdmdemod1: CRC failed - error count = 159
2012-Feb-12 22:16:15.214742 [DEBUG]   simpleofdmdemod1: CRC failed - error count = 160
2012-Feb-12 22:16:20.580410 [INFO]    simpleofdmdemod1: Frame error rate = 0.16
2012-Feb-12 22:16:38.336619 [INFO]    simpleofdmdemod1: Frame error rate = 0
2012-Feb-12 22:16:42.834359 [DEBUG]   simpleofdmdemod1: CRC failed - error count = 1
2012-Feb-12 22:16:49.437110 [DEBUG]   simpleofdmdemod1: CRC failed - error count = 2
2012-Feb-12 22:16:49.449810 [DEBUG]   simpleofdmdemod1: CRC failed - error count = 3
2012-Feb-12 22:16:49.592628 [DEBUG]   simpleofdmdemod1: CRC failed - error count = 4
2012-Feb-12 22:16:49.617348 [DEBUG]   simpleofdmdemod1: CRC failed - error count = 5
2012-Feb-12 22:16:50.334044 [DEBUG]   simpleofdmdemod1: CRC failed - error count = 6
2012-Feb-12 22:16:50.350710 [DEBUG]   simpleofdmdemod1: CRC failed - error count = 7
2012-Feb-12 22:16:50.371202 [DEBUG]   simpleofdmdemod1: CRC failed - error count = 8
2012-Feb-12 22:16:50.387385 [DEBUG]   simpleofdmdemod1: CRC failed - error count = 9
2012-Feb-12 22:16:50.403737 [DEBUG]   simpleofdmdemod1: CRC failed - error count = 10
2012-Feb-12 22:16:50.412277 [DEBUG]   simpleofdmdemod1: CRC failed - error count = 11
2012-Feb-12 22:16:50.428149 [DEBUG]   simpleofdmdemod1: CRC failed - error count = 12
2012-Feb-12 22:16:50.444563 [DEBUG]   simpleofdmdemod1: CRC failed - error count = 13
2012-Feb-12 22:16:50.461682 [DEBUG]   simpleofdmdemod1: CRC failed - error count = 14
2012-Feb-12 22:16:50.477349 [DEBUG]   simpleofdmdemod1: CRC failed - error count = 15
2012-Feb-12 22:16:50.804986 [DEBUG]   simpleofdmdemod1: CRC failed - error count = 16
2012-Feb-12 22:16:50.866843 [DEBUG]   simpleofdmdemod1: CRC failed - error count = 17
2012-Feb-12 22:16:50.882783 [DEBUG]   simpleofdmdemod1: CRC failed - error count = 18
2012-Feb-12 22:16:50.899225 [DEBUG]   simpleofdmdemod1: CRC failed - error count = 19
2012-Feb-12 22:16:50.944661 [DEBUG]   simpleofdmdemod1: CRC failed - error count = 20
2012-Feb-12 22:16:50.977210 [DEBUG]   simpleofdmdemod1: CRC failed - error count = 21
2012-Feb-12 22:16:51.010421 [DEBUG]   simpleofdmdemod1: CRC failed - error count = 22
2012-Feb-12 22:16:51.071665 [DEBUG]   simpleofdmdemod1: CRC failed - error count = 23
2012-Feb-12 22:16:51.153147 [DEBUG]   simpleofdmdemod1: CRC failed - error count = 24
2012-Feb-12 22:16:51.173592 [DEBUG]   simpleofdmdemod1: CRC failed - error count = 25
2012-Feb-12 22:16:51.190430 [DEBUG]   simpleofdmdemod1: CRC failed - error count = 26
2012-Feb-12 22:16:51.210563 [DEBUG]   simpleofdmdemod1: CRC failed - error count = 27
2012-Feb-12 22:16:51.226886 [DEBUG]   simpleofdmdemod1: CRC failed - error count = 28
2012-Feb-12 22:16:51.264185 [DEBUG]   simpleofdmdemod1: CRC failed - error count = 29
2012-Feb-12 22:16:51.280508 [DEBUG]   simpleofdmdemod1: CRC failed - error count = 30
2012-Feb-12 22:16:51.292842 [DEBUG]   simpleofdmdemod1: CRC failed - error count = 31
2012-Feb-12 22:16:51.309235 [DEBUG]   simpleofdmdemod1: CRC failed - error count = 32
2012-Feb-12 22:16:51.325163 [DEBUG]   simpleofdmdemod1: CRC failed - error count = 33
2012-Feb-12 22:16:51.341573 [DEBUG]   simpleofdmdemod1: CRC failed - error count = 34
2012-Feb-12 22:16:51.353887 [DEBUG]   simpleofdmdemod1: CRC failed - error count = 35
2012-Feb-12 22:16:51.370659 [DEBUG]   simpleofdmdemod1: CRC failed - error count = 36
2012-Feb-12 22:16:51.382793 [DEBUG]   simpleofdmdemod1: CRC failed - error count = 37
2012-Feb-12 22:16:51.399386 [DEBUG]   simpleofdmdemod1: CRC failed - error count = 38
2012-Feb-12 22:16:51.407288 [DEBUG]   simpleofdmdemod1: CRC failed - error count = 39
2012-Feb-12 22:16:51.428135 [DEBUG]   simpleofdmdemod1: CRC failed - error count = 40
2012-Feb-12 22:16:51.477143 [DEBUG]   simpleofdmdemod1: CRC failed - error count = 41
2012-Feb-12 22:16:51.501726 [DEBUG]   simpleofdmdemod1: CRC failed - error count = 42
2012-Feb-12 22:16:51.530394 [DEBUG]   simpleofdmdemod1: CRC failed - error count = 43
2012-Feb-12 22:16:51.555324 [DEBUG]   simpleofdmdemod1: CRC failed - error count = 44
2012-Feb-12 22:16:51.579599 [DEBUG]   simpleofdmdemod1: CRC failed - error count = 45
2012-Feb-12 22:16:51.628344 [DEBUG]   simpleofdmdemod1: CRC failed - error count = 46
2012-Feb-12 22:16:51.645107 [DEBUG]   simpleofdmdemod1: CRC failed - error count = 47
2012-Feb-12 22:16:51.661075 [DEBUG]   simpleofdmdemod1: CRC failed - error count = 48
2012-Feb-12 22:16:51.681521 [DEBUG]   simpleofdmdemod1: CRC failed - error count = 49
2012-Feb-12 22:16:51.730657 [DEBUG]   simpleofdmdemod1: CRC failed - error count = 50
2012-Feb-12 22:16:51.783054 [DEBUG]   simpleofdmdemod1: CRC failed - error count = 51
2012-Feb-12 22:16:52.087669 [DEBUG]   simpleofdmdemod1: CRC failed - error count = 52
2012-Feb-12 22:16:52.123871 [DEBUG]   simpleofdmdemod1: CRC failed - error count = 53
2012-Feb-12 22:16:52.140685 [DEBUG]   simpleofdmdemod1: CRC failed - error count = 54
2012-Feb-12 22:16:52.193954 [DEBUG]   simpleofdmdemod1: CRC failed - error count = 55
2012-Feb-12 22:16:52.209942 [DEBUG]   simpleofdmdemod1: CRC failed - error count = 56
2012-Feb-12 22:16:52.230864 [DEBUG]   simpleofdmdemod1: CRC failed - error count = 57
2012-Feb-12 22:16:52.246900 [DEBUG]   simpleofdmdemod1: CRC failed - error count = 58
2012-Feb-12 22:16:52.259441 [DEBUG]   simpleofdmdemod1: CRC failed - error count = 59
2012-Feb-12 22:16:52.271723 [DEBUG]   simpleofdmdemod1: CRC failed - error count = 60
2012-Feb-12 22:16:52.304343 [DEBUG]   simpleofdmdemod1: CRC failed - error count = 61
2012-Feb-12 22:16:52.513041 [DEBUG]   simpleofdmdemod1: CRC failed - error count = 62
2012-Feb-12 22:16:52.537609 [DEBUG]   simpleofdmdemod1: CRC failed - error count = 63
2012-Feb-12 22:16:52.583104 [DEBUG]   simpleofdmdemod1: CRC failed - error count = 64
2012-Feb-12 22:16:52.607688 [DEBUG]   simpleofdmdemod1: CRC failed - error count = 65
2012-Feb-12 22:16:52.652223 [DEBUG]   simpleofdmdemod1: CRC failed - error count = 66
2012-Feb-12 22:16:52.730346 [DEBUG]   simpleofdmdemod1: CRC failed - error count = 67
2012-Feb-12 22:16:52.804318 [DEBUG]   simpleofdmdemod1: CRC failed - error count = 68
2012-Feb-12 22:16:52.886399 [DEBUG]   simpleofdmdemod1: CRC failed - error count = 69
2012-Feb-12 22:16:52.887091 [ERROR]   usrpuhdrx1: Overflow detected - lost 1558 samples
2012-Feb-12 22:16:52.887706 [ERROR]   usrpuhdrx1: Usrp error: Overflow
2012-Feb-12 22:16:52.887736 [ERROR]   usrpuhdrx1: Overflow detected - lost 2538 samples
2012-Feb-12 22:16:52.888366 [ERROR]   usrpuhdrx1: Overflow detected - lost 11470 samples
2012-Feb-12 22:16:52.918935 [DEBUG]   simpleofdmdemod1: CRC failed - error count = 70
2012-Feb-12 22:16:54.997206 [DEBUG]   simpleofdmdemod1: CRC failed - error count = 71
2012-Feb-12 22:16:56.000701 [DEBUG]   simpleofdmdemod1: CRC failed - error count = 72
2012-Feb-12 22:16:56.230125 [INFO]    simpleofdmdemod1: Frame error rate = 0.072
2012-Feb-12 22:16:57.274619 [DEBUG]   simpleofdmdemod1: CRC failed - error count = 1
2012-Feb-12 22:16:57.520235 [DEBUG]   simpleofdmdemod1: CRC failed - error count = 2
2012-Feb-12 22:16:58.015905 [DEBUG]   simpleofdmdemod1: CRC failed - error count = 3
2012-Feb-12 22:16:58.249390 [DEBUG]   simpleofdmdemod1: CRC failed - error count = 4
2012-Feb-12 22:16:58.396773 [DEBUG]   simpleofdmdemod1: CRC failed - error count = 5
2012-Feb-12 22:16:58.617965 [DEBUG]   simpleofdmdemod1: CRC failed - error count = 6
2012-Feb-12 22:16:58.851399 [DEBUG]   simpleofdmdemod1: CRC failed - error count = 7
2012-Feb-12 22:16:58.871885 [DEBUG]   simpleofdmdemod1: CRC failed - error count = 8
2012-Feb-12 22:16:58.916993 [DEBUG]   simpleofdmdemod1: CRC failed - error count = 9
2012-Feb-12 22:16:58.949766 [DEBUG]   simpleofdmdemod1: CRC failed - error count = 10
2012-Feb-12 22:16:58.982519 [DEBUG]   simpleofdmdemod1: CRC failed - error count = 11
2012-Feb-12 22:16:58.998963 [DEBUG]   simpleofdmdemod1: CRC failed - error count = 12
2012-Feb-12 22:16:59.015584 [DEBUG]   simpleofdmdemod1: CRC failed - error count = 13
2012-Feb-12 22:16:59.031636 [DEBUG]   simpleofdmdemod1: CRC failed - error count = 14
2012-Feb-12 22:16:59.048048 [DEBUG]   simpleofdmdemod1: CRC failed - error count = 15
2012-Feb-12 22:16:59.064423 [DEBUG]   simpleofdmdemod1: CRC failed - error count = 16
2012-Feb-12 22:16:59.081581 [DEBUG]   simpleofdmdemod1: CRC failed - error count = 17
2012-Feb-12 22:16:59.101308 [DEBUG]   simpleofdmdemod1: CRC failed - error count = 18
2012-Feb-12 22:16:59.228209 [DEBUG]   simpleofdmdemod1: CRC failed - error count = 19
2012-Feb-12 22:16:59.256602 [INFO]    System: Stopping radio
2012-Feb-12 22:16:59.258216 [INFO]    pnengine1: Thread in Engine pnengine1 interrupted
2012-Feb-12 22:16:59.258481 [INFO]    System: Unloading radio
2012-Feb-12 22:16:59.437536 [INFO]    usrpuhdrx1: Average time taken per process() call = 00:00:00.002035
2012-Feb-12 22:16:59.437929 [INFO]    simpleofdmdemod1: Average time taken per process() call = 00:00:00.002052
2012-Feb-12 22:16:59.438206 [ERROR]   udptx1: An error occurred closing socket: Transport endpoint is not connected
2012-Feb-12 22:16:59.438431 [INFO]    udptx1: Average time taken per process() call = 00:00:00.000054
